0 info it worked if it ends with ok
1 verbose cli [ 'C:\\Program Files\\nodejs\\node.exe',
1 verbose cli   'C:\\Program Files\\nodejs\\node_modules\\npm\\bin\\npm-cli.js',
1 verbose cli   'install',
1 verbose cli   'midi',
1 verbose cli   '--save' ]
2 info using npm@3.3.12
3 info using node@v5.1.0
4 silly loadCurrentTree Starting
5 silly install loadCurrentTree
6 silly install readLocalPackageData
7 silly fetchPackageMetaData midi
8 silly fetchNamedPackageData midi
9 silly mapToRegistry name midi
10 silly mapToRegistry using default registry
11 silly mapToRegistry registry https://registry.npmjs.org/
12 silly mapToRegistry uri https://registry.npmjs.org/midi
13 verbose request uri https://registry.npmjs.org/midi
14 verbose request no auth needed
15 info attempt registry request try #1 at 11:53:14 AM
16 verbose request id 2da3800d1f38ddea
17 verbose etag "9SPKLM94SNXQSLDIRCTQNA9UG"
18 http request GET https://registry.npmjs.org/midi
19 http 304 https://registry.npmjs.org/midi
20 verbose headers { date: 'Sat, 11 Jun 2016 15:53:22 GMT',
20 verbose headers   via: '1.1 varnish',
20 verbose headers   'cache-control': 'max-age=300',
20 verbose headers   etag: '"9SPKLM94SNXQSLDIRCTQNA9UG"',
20 verbose headers   age: '0',
20 verbose headers   connection: 'keep-alive',
20 verbose headers   'x-served-by': 'cache-dfw1834-DFW',
20 verbose headers   'x-cache': 'HIT',
20 verbose headers   'x-cache-hits': '1',
20 verbose headers   'x-timer': 'S1465660402.922882,VS0,VE189',
20 verbose headers   vary: 'Accept-Encoding' }
21 silly get cb [ 304,
21 silly get   { date: 'Sat, 11 Jun 2016 15:53:22 GMT',
21 silly get     via: '1.1 varnish',
21 silly get     'cache-control': 'max-age=300',
21 silly get     etag: '"9SPKLM94SNXQSLDIRCTQNA9UG"',
21 silly get     age: '0',
21 silly get     connection: 'keep-alive',
21 silly get     'x-served-by': 'cache-dfw1834-DFW',
21 silly get     'x-cache': 'HIT',
21 silly get     'x-cache-hits': '1',
21 silly get     'x-timer': 'S1465660402.922882,VS0,VE189',
21 silly get     vary: 'Accept-Encoding' } ]
22 verbose etag https://registry.npmjs.org/midi from cache
23 verbose get saving midi to C:\Users\blacksanta_69\AppData\Roaming\npm-cache\registry.npmjs.org\midi\.cache.json
24 silly install normalizeTree
25 silly loadCurrentTree Finishing
26 silly loadIdealTree Starting
27 silly install loadIdealTree
28 silly cloneCurrentTree Starting
29 silly install cloneCurrentTreeToIdealTree
30 silly cloneCurrentTree Finishing
31 silly loadShrinkwrap Starting
32 silly install loadShrinkwrap
33 silly loadShrinkwrap Finishing
34 silly loadAllDepsIntoIdealTree Starting
35 silly install loadAllDepsIntoIdealTree
36 silly resolveWithNewModule midi@0.9.4 checking installable status
37 silly cache add args [ 'midi', null ]
38 verbose cache add spec midi
39 silly cache add parsed spec Result {
39 silly cache add   raw: 'midi',
39 silly cache add   scope: null,
39 silly cache add   name: 'midi',
39 silly cache add   rawSpec: '',
39 silly cache add   spec: '*',
39 silly cache add   type: 'range' }
40 silly addNamed midi@*
41 verbose addNamed "*" is a valid semver range for midi
42 silly addNameRange { name: 'midi', range: '*', hasData: false }
43 silly mapToRegistry name midi
44 silly mapToRegistry using default registry
45 silly mapToRegistry registry https://registry.npmjs.org/
46 silly mapToRegistry uri https://registry.npmjs.org/midi
47 verbose addNameRange registry:https://registry.npmjs.org/midi not in flight; fetching
48 verbose get https://registry.npmjs.org/midi not expired, no request
49 silly addNameRange number 2 { name: 'midi', range: '*', hasData: true }
50 silly addNameRange versions [ 'midi',
50 silly addNameRange   [ '0.1.0',
50 silly addNameRange     '0.2.0',
50 silly addNameRange     '0.3.0',
50 silly addNameRange     '0.4.0',
50 silly addNameRange     '0.5.0',
50 silly addNameRange     '0.6.0',
50 silly addNameRange     '0.7.0',
50 silly addNameRange     '0.7.1',
50 silly addNameRange     '0.8.0',
50 silly addNameRange     '0.8.1',
50 silly addNameRange     '0.9.0',
50 silly addNameRange     '0.9.1',
50 silly addNameRange     '0.9.2',
50 silly addNameRange     '0.9.3',
50 silly addNameRange     '0.9.4' ] ]
51 silly addNamed midi@0.9.4
52 verbose addNamed "0.9.4" is a plain semver version for midi
53 silly cache afterAdd midi@0.9.4
54 verbose afterAdd C:\Users\blacksanta_69\AppData\Roaming\npm-cache\midi\0.9.4\package\package.json not in flight; writing
55 verbose afterAdd C:\Users\blacksanta_69\AppData\Roaming\npm-cache\midi\0.9.4\package\package.json written
56 silly fetchNamedPackageData nan
57 silly mapToRegistry name nan
58 silly mapToRegistry using default registry
59 silly mapToRegistry registry https://registry.npmjs.org/
60 silly mapToRegistry uri https://registry.npmjs.org/nan
61 verbose request uri https://registry.npmjs.org/nan
62 verbose request no auth needed
63 info attempt registry request try #1 at 11:53:15 AM
64 verbose etag "12RFHNMU7CS3WJ1892HQLM0NB"
65 http request GET https://registry.npmjs.org/nan
66 http 304 https://registry.npmjs.org/nan
67 verbose headers { date: 'Sat, 11 Jun 2016 15:53:24 GMT',
67 verbose headers   via: '1.1 varnish',
67 verbose headers   'cache-control': 'max-age=300',
67 verbose headers   etag: '"12RFHNMU7CS3WJ1892HQLM0NB"',
67 verbose headers   age: '134',
67 verbose headers   connection: 'keep-alive',
67 verbose headers   'x-served-by': 'cache-dfw1821-DFW',
67 verbose headers   'x-cache': 'HIT',
67 verbose headers   'x-cache-hits': '3',
67 verbose headers   'x-timer': 'S1465660404.068163,VS0,VE0',
67 verbose headers   vary: 'Accept-Encoding' }
68 silly get cb [ 304,
68 silly get   { date: 'Sat, 11 Jun 2016 15:53:24 GMT',
68 silly get     via: '1.1 varnish',
68 silly get     'cache-control': 'max-age=300',
68 silly get     etag: '"12RFHNMU7CS3WJ1892HQLM0NB"',
68 silly get     age: '134',
68 silly get     connection: 'keep-alive',
68 silly get     'x-served-by': 'cache-dfw1821-DFW',
68 silly get     'x-cache': 'HIT',
68 silly get     'x-cache-hits': '3',
68 silly get     'x-timer': 'S1465660404.068163,VS0,VE0',
68 silly get     vary: 'Accept-Encoding' } ]
69 verbose etag https://registry.npmjs.org/nan from cache
70 verbose get saving nan to C:\Users\blacksanta_69\AppData\Roaming\npm-cache\registry.npmjs.org\nan\.cache.json
71 silly resolveWithNewModule nan@2.0.9 checking installable status
72 silly cache add args [ 'nan@~2.0.5', null ]
73 verbose cache add spec nan@~2.0.5
74 silly cache add parsed spec Result {
74 silly cache add   raw: 'nan@~2.0.5',
74 silly cache add   scope: null,
74 silly cache add   name: 'nan',
74 silly cache add   rawSpec: '~2.0.5',
74 silly cache add   spec: '>=2.0.5 <2.1.0',
74 silly cache add   type: 'range' }
75 silly addNamed nan@>=2.0.5 <2.1.0
76 verbose addNamed ">=2.0.5 <2.1.0" is a valid semver range for nan
77 silly addNameRange { name: 'nan', range: '>=2.0.5 <2.1.0', hasData: false }
78 silly mapToRegistry name nan
79 silly mapToRegistry using default registry
80 silly mapToRegistry registry https://registry.npmjs.org/
81 silly mapToRegistry uri https://registry.npmjs.org/nan
82 verbose addNameRange registry:https://registry.npmjs.org/nan not in flight; fetching
83 verbose get https://registry.npmjs.org/nan not expired, no request
84 silly addNameRange number 2 { name: 'nan', range: '>=2.0.5 <2.1.0', hasData: true }
85 silly addNameRange versions [ 'nan',
85 silly addNameRange   [ '0.3.0-wip',
85 silly addNameRange     '0.3.0-wip2',
85 silly addNameRange     '0.3.0',
85 silly addNameRange     '0.3.1',
85 silly addNameRange     '0.3.2',
85 silly addNameRange     '0.4.0',
85 silly addNameRange     '0.4.1',
85 silly addNameRange     '0.4.2',
85 silly addNameRange     '0.4.3',
85 silly addNameRange     '0.4.4',
85 silly addNameRange     '0.5.0',
85 silly addNameRange     '0.5.1',
85 silly addNameRange     '0.5.2',
85 silly addNameRange     '0.6.0',
85 silly addNameRange     '0.7.0',
85 silly addNameRange     '0.7.1',
85 silly addNameRange     '0.8.0',
85 silly addNameRange     '1.0.0',
85 silly addNameRange     '1.1.0',
85 silly addNameRange     '1.1.1',
85 silly addNameRange     '1.1.2',
85 silly addNameRange     '1.2.0',
85 silly addNameRange     '1.3.0',
85 silly addNameRange     '1.4.0',
85 silly addNameRange     '1.4.1',
85 silly addNameRange     '1.5.0',
85 silly addNameRange     '1.4.2',
85 silly addNameRange     '1.4.3',
85 silly addNameRange     '1.5.1',
85 silly addNameRange     '1.5.2',
85 silly addNameRange     '1.6.0',
85 silly addNameRange     '1.5.3',
85 silly addNameRange     '1.6.1',
85 silly addNameRange     '1.6.2',
85 silly addNameRange     '1.7.0',
85 silly addNameRange     '1.8.0',
85 silly addNameRange     '1.8.1',
85 silly addNameRange     '1.8.2',
85 silly addNameRange     '1.8.3',
85 silly addNameRange     '1.8.4',
85 silly addNameRange     '1.9.0',
85 silly addNameRange     '2.0.0',
85 silly addNameRange     '2.0.1',
85 silly addNameRange     '2.0.2',
85 silly addNameRange     '2.0.3',
85 silly addNameRange     '2.0.4',
85 silly addNameRange     '2.0.5',
85 silly addNameRange     '2.0.6',
85 silly addNameRange     '2.0.7',
85 silly addNameRange     '2.0.8',
85 silly addNameRange     '2.0.9',
85 silly addNameRange     '2.1.0',
85 silly addNameRange     '2.2.0',
85 silly addNameRange     '2.2.1',
85 silly addNameRange     '2.3.0',
85 silly addNameRange     '2.3.1',
85 silly addNameRange     '2.3.2',
85 silly addNameRange     '2.3.3',
85 silly addNameRange     '2.3.4',
85 silly addNameRange     '2.3.5' ] ]
86 silly addNamed nan@2.0.9
87 verbose addNamed "2.0.9" is a plain semver version for nan
88 silly cache afterAdd nan@2.0.9
89 verbose afterAdd C:\Users\blacksanta_69\AppData\Roaming\npm-cache\nan\2.0.9\package\package.json not in flight; writing
90 verbose afterAdd C:\Users\blacksanta_69\AppData\Roaming\npm-cache\nan\2.0.9\package\package.json written
91 silly loadAllDepsIntoIdealTree Finishing
92 silly idealTree:prePrune ethcascratch@2.0.0
92 silly idealTree:prePrune ├── abbrev@1.0.7
92 silly idealTree:prePrune ├── ansi-regex@2.0.0
92 silly idealTree:prePrune ├── ansi-styles@2.2.1
92 silly idealTree:prePrune ├── ansi@0.3.1
92 silly idealTree:prePrune ├── are-we-there-yet@1.1.2
92 silly idealTree:prePrune ├── array-index@1.0.0
92 silly idealTree:prePrune ├── asn1@0.2.3
92 silly idealTree:prePrune ├── assert-plus@0.2.0
92 silly idealTree:prePrune ├── async@1.5.2
92 silly idealTree:prePrune ├── aws-sign2@0.6.0
92 silly idealTree:prePrune ├── aws4@1.4.1
92 silly idealTree:prePrune ├── balanced-match@0.4.1
92 silly idealTree:prePrune ├── bindings@1.2.1
92 silly idealTree:prePrune ├─┬ bl@1.1.2
92 silly idealTree:prePrune │ └── readable-stream@2.0.6
92 silly idealTree:prePrune ├── block-stream@0.0.9
92 silly idealTree:prePrune ├── boom@2.10.1
92 silly idealTree:prePrune ├── brace-expansion@1.1.4
92 silly idealTree:prePrune ├── buffer-shims@1.0.0
92 silly idealTree:prePrune ├── caseless@0.11.0
92 silly idealTree:prePrune ├── chalk@1.1.3
92 silly idealTree:prePrune ├── combined-stream@1.0.5
92 silly idealTree:prePrune ├── commander@2.9.0
92 silly idealTree:prePrune ├── concat-map@0.0.1
92 silly idealTree:prePrune ├── core-util-is@1.0.2
92 silly idealTree:prePrune ├── cryptiles@2.0.5
92 silly idealTree:prePrune ├── d@0.1.1
92 silly idealTree:prePrune ├─┬ dashdash@1.14.0
92 silly idealTree:prePrune │ └── assert-plus@1.0.0
92 silly idealTree:prePrune ├── debug@2.2.0
92 silly idealTree:prePrune ├── define-properties@1.1.2
92 silly idealTree:prePrune ├── delayed-stream@1.0.0
92 silly idealTree:prePrune ├── delegates@1.0.0
92 silly idealTree:prePrune ├── ecc-jsbn@0.1.1
92 silly idealTree:prePrune ├─┬ es5-ext@0.10.11
92 silly idealTree:prePrune │ └── es6-symbol@3.0.2
92 silly idealTree:prePrune ├── es6-iterator@2.0.0
92 silly idealTree:prePrune ├── es6-promise@3.2.1
92 silly idealTree:prePrune ├── es6-symbol@3.1.0
92 silly idealTree:prePrune ├── escape-string-regexp@1.0.5
92 silly idealTree:prePrune ├── extend@3.0.0
92 silly idealTree:prePrune ├── extsprintf@1.0.2
92 silly idealTree:prePrune ├── foreach@2.0.5
92 silly idealTree:prePrune ├── forever-agent@0.6.1
92 silly idealTree:prePrune ├── form-data@1.0.0-rc4
92 silly idealTree:prePrune ├── fstream@1.0.9
92 silly idealTree:prePrune ├── function-bind@1.1.0
92 silly idealTree:prePrune ├── gauge@1.2.7
92 silly idealTree:prePrune ├── generate-function@2.0.0
92 silly idealTree:prePrune ├── generate-object-property@1.2.0
92 silly idealTree:prePrune ├─┬ getpass@0.1.6
92 silly idealTree:prePrune │ └── assert-plus@1.0.0
92 silly idealTree:prePrune ├─┬ glob@4.5.3
92 silly idealTree:prePrune │ └── minimatch@2.0.10
92 silly idealTree:prePrune ├── graceful-fs@4.1.4
92 silly idealTree:prePrune ├── graceful-readlink@1.0.1
92 silly idealTree:prePrune ├── har-validator@2.0.6
92 silly idealTree:prePrune ├── has-ansi@2.0.0
92 silly idealTree:prePrune ├── has-unicode@2.0.0
92 silly idealTree:prePrune ├── hawk@3.1.3
92 silly idealTree:prePrune ├── hoek@2.16.3
92 silly idealTree:prePrune ├── http-signature@1.1.1
92 silly idealTree:prePrune ├── inflight@1.0.5
92 silly idealTree:prePrune ├── inherits@2.0.1
92 silly idealTree:prePrune ├── is-my-json-valid@2.13.1
92 silly idealTree:prePrune ├── is-property@1.0.2
92 silly idealTree:prePrune ├── is-typedarray@1.0.0
92 silly idealTree:prePrune ├── isarray@1.0.0
92 silly idealTree:prePrune ├── isexe@1.1.2
92 silly idealTree:prePrune ├── isstream@0.1.2
92 silly idealTree:prePrune ├── jodid25519@1.0.2
92 silly idealTree:prePrune ├── jsbn@0.1.0
92 silly idealTree:prePrune ├── json-schema@0.2.2
92 silly idealTree:prePrune ├── json-stringify-safe@5.0.1
92 silly idealTree:prePrune ├── jsonpointer@2.0.0
92 silly idealTree:prePrune ├── jsprim@1.2.2
92 silly idealTree:prePrune ├── lodash._baseslice@4.0.0
92 silly idealTree:prePrune ├── lodash._basetostring@4.12.0
92 silly idealTree:prePrune ├── lodash.pad@4.4.0
92 silly idealTree:prePrune ├── lodash.padend@4.5.0
92 silly idealTree:prePrune ├── lodash.padstart@4.5.0
92 silly idealTree:prePrune ├── lodash.tostring@4.1.3
92 silly idealTree:prePrune ├── lru-cache@2.7.3
92 silly idealTree:prePrune ├─┬ midi@0.9.4
92 silly idealTree:prePrune │ └── nan@2.0.9
92 silly idealTree:prePrune ├── mime-db@1.23.0
92 silly idealTree:prePrune ├── mime-types@2.1.11
92 silly idealTree:prePrune ├── minimatch@1.0.0
92 silly idealTree:prePrune ├── minimist@0.0.8
92 silly idealTree:prePrune ├── mkdirp@0.5.1
92 silly idealTree:prePrune ├── ms@0.7.1
92 silly idealTree:prePrune ├── nan@2.3.5
92 silly idealTree:prePrune ├── node-gyp@3.3.1
92 silly idealTree:prePrune ├── node-uuid@1.4.7
92 silly idealTree:prePrune ├── nopt@3.0.6
92 silly idealTree:prePrune ├── npmlog@2.0.4
92 silly idealTree:prePrune ├── oauth-sign@0.8.2
92 silly idealTree:prePrune ├── object-keys@1.0.9
92 silly idealTree:prePrune ├── object.assign@4.0.3
92 silly idealTree:prePrune ├── once@1.3.3
92 silly idealTree:prePrune ├── os-homedir@1.0.1
92 silly idealTree:prePrune ├── os-tmpdir@1.0.1
92 silly idealTree:prePrune ├── osenv@0.1.3
92 silly idealTree:prePrune ├── path-array@1.0.1
92 silly idealTree:prePrune ├── path-is-absolute@1.0.0
92 silly idealTree:prePrune ├── pinkie-promise@2.0.1
92 silly idealTree:prePrune ├── pinkie@2.0.4
92 silly idealTree:prePrune ├── process-nextick-args@1.0.7
92 silly idealTree:prePrune ├── qs@6.1.0
92 silly idealTree:prePrune ├── readable-stream@2.1.4
92 silly idealTree:prePrune ├── request@2.72.0
92 silly idealTree:prePrune ├─┬ rimraf@2.5.2
92 silly idealTree:prePrune │ ├── glob@7.0.3
92 silly idealTree:prePrune │ └── minimatch@3.0.0
92 silly idealTree:prePrune ├── semver@5.1.0
92 silly idealTree:prePrune ├─┬ serialport@3.1.2
92 silly idealTree:prePrune │ └─┬ node-pre-gyp@0.6.28
92 silly idealTree:prePrune │   ├─┬ mkdirp@0.5.1
92 silly idealTree:prePrune │   │ └── minimist@0.0.8
92 silly idealTree:prePrune │   ├─┬ nopt@3.0.6
92 silly idealTree:prePrune │   │ └── abbrev@1.0.7
92 silly idealTree:prePrune │   ├─┬ npmlog@2.0.3
92 silly idealTree:prePrune │   │ ├── ansi@0.3.1
92 silly idealTree:prePrune │   │ ├─┬ are-we-there-yet@1.1.2
92 silly idealTree:prePrune │   │ │ ├── delegates@1.0.0
92 silly idealTree:prePrune │   │ │ └─┬ readable-stream@2.1.2
92 silly idealTree:prePrune │   │ │   ├── core-util-is@1.0.2
92 silly idealTree:prePrune │   │ │   ├── inherits@2.0.1
92 silly idealTree:prePrune │   │ │   ├── isarray@1.0.0
92 silly idealTree:prePrune │   │ │   ├── process-nextick-args@1.0.7
92 silly idealTree:prePrune │   │ │   ├── string_decoder@0.10.31
92 silly idealTree:prePrune │   │ │   └── util-deprecate@1.0.2
92 silly idealTree:prePrune │   │ └─┬ gauge@1.2.7
92 silly idealTree:prePrune │   │   ├── has-unicode@2.0.0
92 silly idealTree:prePrune │   │   ├─┬ lodash.pad@4.4.0
92 silly idealTree:prePrune │   │   │ ├── lodash._baseslice@4.0.0
92 silly idealTree:prePrune │   │   │ ├── lodash._basetostring@4.12.0
92 silly idealTree:prePrune │   │   │ └── lodash.tostring@4.1.3
92 silly idealTree:prePrune │   │   ├─┬ lodash.padend@4.5.0
92 silly idealTree:prePrune │   │   │ ├── lodash._baseslice@4.0.0
92 silly idealTree:prePrune │   │   │ ├── lodash._basetostring@4.12.0
92 silly idealTree:prePrune │   │   │ └── lodash.tostring@4.1.3
92 silly idealTree:prePrune │   │   └─┬ lodash.padstart@4.5.0
92 silly idealTree:prePrune │   │     ├── lodash._baseslice@4.0.0
92 silly idealTree:prePrune │   │     ├── lodash._basetostring@4.12.0
92 silly idealTree:prePrune │   │     └── lodash.tostring@4.1.3
92 silly idealTree:prePrune │   ├─┬ rc@1.1.6
92 silly idealTree:prePrune │   │ ├── deep-extend@0.4.1
92 silly idealTree:prePrune │   │ ├── ini@1.3.4
92 silly idealTree:prePrune │   │ ├── minimist@1.2.0
92 silly idealTree:prePrune │   │ └── strip-json-comments@1.0.4
92 silly idealTree:prePrune │   ├─┬ request@2.72.0
92 silly idealTree:prePrune │   │ ├── aws-sign2@0.6.0
92 silly idealTree:prePrune │   │ ├── aws4@1.4.1
92 silly idealTree:prePrune │   │ ├─┬ bl@1.1.2
92 silly idealTree:prePrune │   │ │ └─┬ readable-stream@2.0.6
92 silly idealTree:prePrune │   │ │   ├── core-util-is@1.0.2
92 silly idealTree:prePrune │   │ │   ├── inherits@2.0.1
92 silly idealTree:prePrune │   │ │   ├── isarray@1.0.0
92 silly idealTree:prePrune │   │ │   ├── process-nextick-args@1.0.7
92 silly idealTree:prePrune │   │ │   ├── string_decoder@0.10.31
92 silly idealTree:prePrune │   │ │   └── util-deprecate@1.0.2
92 silly idealTree:prePrune │   │ ├── caseless@0.11.0
92 silly idealTree:prePrune │   │ ├─┬ combined-stream@1.0.5
92 silly idealTree:prePrune │   │ │ └── delayed-stream@1.0.0
92 silly idealTree:prePrune │   │ ├── extend@3.0.0
92 silly idealTree:prePrune │   │ ├── forever-agent@0.6.1
92 silly idealTree:prePrune │   │ ├─┬ form-data@1.0.0-rc4
92 silly idealTree:prePrune │   │ │ └── async@1.5.2
92 silly idealTree:prePrune │   │ ├─┬ har-validator@2.0.6
92 silly idealTree:prePrune │   │ │ ├─┬ chalk@1.1.3
92 silly idealTree:prePrune │   │ │ │ ├── ansi-styles@2.2.1
92 silly idealTree:prePrune │   │ │ │ ├── escape-string-regexp@1.0.5
92 silly idealTree:prePrune │   │ │ │ ├─┬ has-ansi@2.0.0
92 silly idealTree:prePrune │   │ │ │ │ └── ansi-regex@2.0.0
92 silly idealTree:prePrune │   │ │ │ ├─┬ strip-ansi@3.0.1
92 silly idealTree:prePrune │   │ │ │ │ └── ansi-regex@2.0.0
92 silly idealTree:prePrune │   │ │ │ └── supports-color@2.0.0
92 silly idealTree:prePrune │   │ │ ├─┬ is-my-json-valid@2.13.1
92 silly idealTree:prePrune │   │ │ │ ├── generate-function@2.0.0
92 silly idealTree:prePrune │   │ │ │ ├─┬ generate-object-property@1.2.0
92 silly idealTree:prePrune │   │ │ │ │ └── is-property@1.0.2
92 silly idealTree:prePrune │   │ │ │ ├── jsonpointer@2.0.0
92 silly idealTree:prePrune │   │ │ │ └── xtend@4.0.1
92 silly idealTree:prePrune │   │ │ └─┬ pinkie-promise@2.0.1
92 silly idealTree:prePrune │   │ │   └── pinkie@2.0.4
92 silly idealTree:prePrune │   │ ├─┬ hawk@3.1.3
92 silly idealTree:prePrune │   │ │ ├── boom@2.10.1
92 silly idealTree:prePrune │   │ │ ├── cryptiles@2.0.5
92 silly idealTree:prePrune │   │ │ ├── hoek@2.16.3
92 silly idealTree:prePrune │   │ │ └── sntp@1.0.9
92 silly idealTree:prePrune │   │ ├─┬ http-signature@1.1.1
92 silly idealTree:prePrune │   │ │ ├── assert-plus@0.2.0
92 silly idealTree:prePrune │   │ │ ├─┬ jsprim@1.2.2
92 silly idealTree:prePrune │   │ │ │ ├── extsprintf@1.0.2
92 silly idealTree:prePrune │   │ │ │ ├── json-schema@0.2.2
92 silly idealTree:prePrune │   │ │ │ └── verror@1.3.6
92 silly idealTree:prePrune │   │ │ └─┬ sshpk@1.8.3
92 silly idealTree:prePrune │   │ │   ├── asn1@0.2.3
92 silly idealTree:prePrune │   │ │   ├── assert-plus@1.0.0
92 silly idealTree:prePrune │   │ │   ├── dashdash@1.13.1
92 silly idealTree:prePrune │   │ │   ├── ecc-jsbn@0.1.1
92 silly idealTree:prePrune │   │ │   ├── getpass@0.1.6
92 silly idealTree:prePrune │   │ │   ├── jodid25519@1.0.2
92 silly idealTree:prePrune │   │ │   ├── jsbn@0.1.0
92 silly idealTree:prePrune │   │ │   └── tweetnacl@0.13.3
92 silly idealTree:prePrune │   │ ├── is-typedarray@1.0.0
92 silly idealTree:prePrune │   │ ├── isstream@0.1.2
92 silly idealTree:prePrune │   │ ├── json-stringify-safe@5.0.1
92 silly idealTree:prePrune │   │ ├─┬ mime-types@2.1.11
92 silly idealTree:prePrune │   │ │ └── mime-db@1.23.0
92 silly idealTree:prePrune │   │ ├── node-uuid@1.4.7
92 silly idealTree:prePrune │   │ ├── oauth-sign@0.8.2
92 silly idealTree:prePrune │   │ ├── qs@6.1.0
92 silly idealTree:prePrune │   │ ├── stringstream@0.0.5
92 silly idealTree:prePrune │   │ ├── tough-cookie@2.2.2
92 silly idealTree:prePrune │   │ └── tunnel-agent@0.4.3
92 silly idealTree:prePrune │   ├─┬ rimraf@2.5.2
92 silly idealTree:prePrune │   │ └─┬ glob@7.0.3
92 silly idealTree:prePrune │   │   ├─┬ inflight@1.0.4
92 silly idealTree:prePrune │   │   │ └── wrappy@1.0.1
92 silly idealTree:prePrune │   │   ├── inherits@2.0.1
92 silly idealTree:prePrune │   │   ├─┬ minimatch@3.0.0
92 silly idealTree:prePrune │   │   │ └─┬ brace-expansion@1.1.4
92 silly idealTree:prePrune │   │   │   ├── balanced-match@0.4.1
92 silly idealTree:prePrune │   │   │   └── concat-map@0.0.1
92 silly idealTree:prePrune │   │   ├─┬ once@1.3.3
92 silly idealTree:prePrune │   │   │ └── wrappy@1.0.1
92 silly idealTree:prePrune │   │   └── path-is-absolute@1.0.0
92 silly idealTree:prePrune │   ├── semver@5.1.0
92 silly idealTree:prePrune │   ├─┬ tar-pack@3.1.3
92 silly idealTree:prePrune │   │ ├─┬ fstream-ignore@1.0.4
92 silly idealTree:prePrune │   │ │ ├── inherits@2.0.1
92 silly idealTree:prePrune │   │ │ └─┬ minimatch@3.0.0
92 silly idealTree:prePrune │   │ │   └─┬ brace-expansion@1.1.4
92 silly idealTree:prePrune │   │ │     ├── balanced-match@0.4.1
92 silly idealTree:prePrune │   │ │     └── concat-map@0.0.1
92 silly idealTree:prePrune │   │ ├─┬ fstream@1.0.9
92 silly idealTree:prePrune │   │ │ ├── graceful-fs@4.1.4
92 silly idealTree:prePrune │   │ │ └── inherits@2.0.1
92 silly idealTree:prePrune │   │ ├─┬ once@1.3.3
92 silly idealTree:prePrune │   │ │ └── wrappy@1.0.1
92 silly idealTree:prePrune │   │ ├─┬ readable-stream@2.0.6
92 silly idealTree:prePrune │   │ │ ├── core-util-is@1.0.2
92 silly idealTree:prePrune │   │ │ ├── inherits@2.0.1
92 silly idealTree:prePrune │   │ │ ├── isarray@1.0.0
92 silly idealTree:prePrune │   │ │ ├── process-nextick-args@1.0.7
92 silly idealTree:prePrune │   │ │ ├── string_decoder@0.10.31
92 silly idealTree:prePrune │   │ │ └── util-deprecate@1.0.2
92 silly idealTree:prePrune │   │ └── uid-number@0.0.6
92 silly idealTree:prePrune │   └─┬ tar@2.2.1
92 silly idealTree:prePrune │     ├── block-stream@0.0.9
92 silly idealTree:prePrune │     ├─┬ fstream@1.0.9
92 silly idealTree:prePrune │     │ └── graceful-fs@4.1.4
92 silly idealTree:prePrune │     └── inherits@2.0.1
92 silly idealTree:prePrune ├── sigmund@1.0.1
92 silly idealTree:prePrune ├── sntp@1.0.9
92 silly idealTree:prePrune ├─┬ sshpk@1.8.3
92 silly idealTree:prePrune │ └── assert-plus@1.0.0
92 silly idealTree:prePrune ├── string_decoder@0.10.31
92 silly idealTree:prePrune ├── stringstream@0.0.5
92 silly idealTree:prePrune ├── strip-ansi@3.0.1
92 silly idealTree:prePrune ├── supports-color@2.0.0
92 silly idealTree:prePrune ├── tar@2.2.1
92 silly idealTree:prePrune ├── tough-cookie@2.2.2
92 silly idealTree:prePrune ├── tunnel-agent@0.4.3
92 silly idealTree:prePrune ├── tweetnacl@0.13.3
92 silly idealTree:prePrune ├── util-deprecate@1.0.2
92 silly idealTree:prePrune ├── verror@1.3.6
92 silly idealTree:prePrune ├── which@1.2.10
92 silly idealTree:prePrune ├── wrappy@1.0.2
92 silly idealTree:prePrune └── xtend@4.0.1
93 silly loadIdealTree Finishing
94 silly currentTree ethcascratch@2.0.0
94 silly currentTree ├── abbrev@1.0.7
94 silly currentTree ├── ansi-regex@2.0.0
94 silly currentTree ├── ansi-styles@2.2.1
94 silly currentTree ├── ansi@0.3.1
94 silly currentTree ├── are-we-there-yet@1.1.2
94 silly currentTree ├── array-index@1.0.0
94 silly currentTree ├── asn1@0.2.3
94 silly currentTree ├── assert-plus@0.2.0
94 silly currentTree ├── async@1.5.2
94 silly currentTree ├── aws-sign2@0.6.0
94 silly currentTree ├── aws4@1.4.1
94 silly currentTree ├── balanced-match@0.4.1
94 silly currentTree ├── bindings@1.2.1
94 silly currentTree ├─┬ bl@1.1.2
94 silly currentTree │ └── readable-stream@2.0.6
94 silly currentTree ├── block-stream@0.0.9
94 silly currentTree ├── boom@2.10.1
94 silly currentTree ├── brace-expansion@1.1.4
94 silly currentTree ├── buffer-shims@1.0.0
94 silly currentTree ├── caseless@0.11.0
94 silly currentTree ├── chalk@1.1.3
94 silly currentTree ├── combined-stream@1.0.5
94 silly currentTree ├── commander@2.9.0
94 silly currentTree ├── concat-map@0.0.1
94 silly currentTree ├── core-util-is@1.0.2
94 silly currentTree ├── cryptiles@2.0.5
94 silly currentTree ├── d@0.1.1
94 silly currentTree ├─┬ dashdash@1.14.0
94 silly currentTree │ └── assert-plus@1.0.0
94 silly currentTree ├── debug@2.2.0
94 silly currentTree ├── define-properties@1.1.2
94 silly currentTree ├── delayed-stream@1.0.0
94 silly currentTree ├── delegates@1.0.0
94 silly currentTree ├── ecc-jsbn@0.1.1
94 silly currentTree ├─┬ es5-ext@0.10.11
94 silly currentTree │ └── es6-symbol@3.0.2
94 silly currentTree ├── es6-iterator@2.0.0
94 silly currentTree ├── es6-promise@3.2.1
94 silly currentTree ├── es6-symbol@3.1.0
94 silly currentTree ├── escape-string-regexp@1.0.5
94 silly currentTree ├── extend@3.0.0
94 silly currentTree ├── extsprintf@1.0.2
94 silly currentTree ├── foreach@2.0.5
94 silly currentTree ├── forever-agent@0.6.1
94 silly currentTree ├── form-data@1.0.0-rc4
94 silly currentTree ├── fstream@1.0.9
94 silly currentTree ├── function-bind@1.1.0
94 silly currentTree ├── gauge@1.2.7
94 silly currentTree ├── generate-function@2.0.0
94 silly currentTree ├── generate-object-property@1.2.0
94 silly currentTree ├─┬ getpass@0.1.6
94 silly currentTree │ └── assert-plus@1.0.0
94 silly currentTree ├─┬ glob@4.5.3
94 silly currentTree │ └── minimatch@2.0.10
94 silly currentTree ├── graceful-fs@4.1.4
94 silly currentTree ├── graceful-readlink@1.0.1
94 silly currentTree ├── har-validator@2.0.6
94 silly currentTree ├── has-ansi@2.0.0
94 silly currentTree ├── has-unicode@2.0.0
94 silly currentTree ├── hawk@3.1.3
94 silly currentTree ├── hoek@2.16.3
94 silly currentTree ├── http-signature@1.1.1
94 silly currentTree ├── inflight@1.0.5
94 silly currentTree ├── inherits@2.0.1
94 silly currentTree ├── is-my-json-valid@2.13.1
94 silly currentTree ├── is-property@1.0.2
94 silly currentTree ├── is-typedarray@1.0.0
94 silly currentTree ├── isarray@1.0.0
94 silly currentTree ├── isexe@1.1.2
94 silly currentTree ├── isstream@0.1.2
94 silly currentTree ├── jodid25519@1.0.2
94 silly currentTree ├── jsbn@0.1.0
94 silly currentTree ├── json-schema@0.2.2
94 silly currentTree ├── json-stringify-safe@5.0.1
94 silly currentTree ├── jsonpointer@2.0.0
94 silly currentTree ├── jsprim@1.2.2
94 silly currentTree ├── lodash._baseslice@4.0.0
94 silly currentTree ├── lodash._basetostring@4.12.0
94 silly currentTree ├── lodash.pad@4.4.0
94 silly currentTree ├── lodash.padend@4.5.0
94 silly currentTree ├── lodash.padstart@4.5.0
94 silly currentTree ├── lodash.tostring@4.1.3
94 silly currentTree ├── lru-cache@2.7.3
94 silly currentTree ├── mime-db@1.23.0
94 silly currentTree ├── mime-types@2.1.11
94 silly currentTree ├── minimatch@1.0.0
94 silly currentTree ├── minimist@0.0.8
94 silly currentTree ├── mkdirp@0.5.1
94 silly currentTree ├── ms@0.7.1
94 silly currentTree ├── nan@2.3.5
94 silly currentTree ├── node-gyp@3.3.1
94 silly currentTree ├── node-uuid@1.4.7
94 silly currentTree ├── nopt@3.0.6
94 silly currentTree ├── npmlog@2.0.4
94 silly currentTree ├── oauth-sign@0.8.2
94 silly currentTree ├── object-keys@1.0.9
94 silly currentTree ├── object.assign@4.0.3
94 silly currentTree ├── once@1.3.3
94 silly currentTree ├── os-homedir@1.0.1
94 silly currentTree ├── os-tmpdir@1.0.1
94 silly currentTree ├── osenv@0.1.3
94 silly currentTree ├── path-array@1.0.1
94 silly currentTree ├── path-is-absolute@1.0.0
94 silly currentTree ├── pinkie-promise@2.0.1
94 silly currentTree ├── pinkie@2.0.4
94 silly currentTree ├── process-nextick-args@1.0.7
94 silly currentTree ├── qs@6.1.0
94 silly currentTree ├── readable-stream@2.1.4
94 silly currentTree ├── request@2.72.0
94 silly currentTree ├─┬ rimraf@2.5.2
94 silly currentTree │ ├── glob@7.0.3
94 silly currentTree │ └── minimatch@3.0.0
94 silly currentTree ├── semver@5.1.0
94 silly currentTree ├─┬ serialport@3.1.2
94 silly currentTree │ └─┬ node-pre-gyp@0.6.28
94 silly currentTree │   ├─┬ mkdirp@0.5.1
94 silly currentTree │   │ └── minimist@0.0.8
94 silly currentTree │   ├─┬ nopt@3.0.6
94 silly currentTree │   │ └── abbrev@1.0.7
94 silly currentTree │   ├─┬ npmlog@2.0.3
94 silly currentTree │   │ ├── ansi@0.3.1
94 silly currentTree │   │ ├─┬ are-we-there-yet@1.1.2
94 silly currentTree │   │ │ ├── delegates@1.0.0
94 silly currentTree │   │ │ └─┬ readable-stream@2.1.2
94 silly currentTree │   │ │   ├── core-util-is@1.0.2
94 silly currentTree │   │ │   ├── inherits@2.0.1
94 silly currentTree │   │ │   ├── isarray@1.0.0
94 silly currentTree │   │ │   ├── process-nextick-args@1.0.7
94 silly currentTree │   │ │   ├── string_decoder@0.10.31
94 silly currentTree │   │ │   └── util-deprecate@1.0.2
94 silly currentTree │   │ └─┬ gauge@1.2.7
94 silly currentTree │   │   ├── has-unicode@2.0.0
94 silly currentTree │   │   ├─┬ lodash.pad@4.4.0
94 silly currentTree │   │   │ ├── lodash._baseslice@4.0.0
94 silly currentTree │   │   │ ├── lodash._basetostring@4.12.0
94 silly currentTree │   │   │ └── lodash.tostring@4.1.3
94 silly currentTree │   │   ├─┬ lodash.padend@4.5.0
94 silly currentTree │   │   │ ├── lodash._baseslice@4.0.0
94 silly currentTree │   │   │ ├── lodash._basetostring@4.12.0
94 silly currentTree │   │   │ └── lodash.tostring@4.1.3
94 silly currentTree │   │   └─┬ lodash.padstart@4.5.0
94 silly currentTree │   │     ├── lodash._baseslice@4.0.0
94 silly currentTree │   │     ├── lodash._basetostring@4.12.0
94 silly currentTree │   │     └── lodash.tostring@4.1.3
94 silly currentTree │   ├─┬ rc@1.1.6
94 silly currentTree │   │ ├── deep-extend@0.4.1
94 silly currentTree │   │ ├── ini@1.3.4
94 silly currentTree │   │ ├── minimist@1.2.0
94 silly currentTree │   │ └── strip-json-comments@1.0.4
94 silly currentTree │   ├─┬ request@2.72.0
94 silly currentTree │   │ ├── aws-sign2@0.6.0
94 silly currentTree │   │ ├── aws4@1.4.1
94 silly currentTree │   │ ├─┬ bl@1.1.2
94 silly currentTree │   │ │ └─┬ readable-stream@2.0.6
94 silly currentTree │   │ │   ├── core-util-is@1.0.2
94 silly currentTree │   │ │   ├── inherits@2.0.1
94 silly currentTree │   │ │   ├── isarray@1.0.0
94 silly currentTree │   │ │   ├── process-nextick-args@1.0.7
94 silly currentTree │   │ │   ├── string_decoder@0.10.31
94 silly currentTree │   │ │   └── util-deprecate@1.0.2
94 silly currentTree │   │ ├── caseless@0.11.0
94 silly currentTree │   │ ├─┬ combined-stream@1.0.5
94 silly currentTree │   │ │ └── delayed-stream@1.0.0
94 silly currentTree │   │ ├── extend@3.0.0
94 silly currentTree │   │ ├── forever-agent@0.6.1
94 silly currentTree │   │ ├─┬ form-data@1.0.0-rc4
94 silly currentTree │   │ │ └── async@1.5.2
94 silly currentTree │   │ ├─┬ har-validator@2.0.6
94 silly currentTree │   │ │ ├─┬ chalk@1.1.3
94 silly currentTree │   │ │ │ ├── ansi-styles@2.2.1
94 silly currentTree │   │ │ │ ├── escape-string-regexp@1.0.5
94 silly currentTree │   │ │ │ ├─┬ has-ansi@2.0.0
94 silly currentTree │   │ │ │ │ └── ansi-regex@2.0.0
94 silly currentTree │   │ │ │ ├─┬ strip-ansi@3.0.1
94 silly currentTree │   │ │ │ │ └── ansi-regex@2.0.0
94 silly currentTree │   │ │ │ └── supports-color@2.0.0
94 silly currentTree │   │ │ ├─┬ is-my-json-valid@2.13.1
94 silly currentTree │   │ │ │ ├── generate-function@2.0.0
94 silly currentTree │   │ │ │ ├─┬ generate-object-property@1.2.0
94 silly currentTree │   │ │ │ │ └── is-property@1.0.2
94 silly currentTree │   │ │ │ ├── jsonpointer@2.0.0
94 silly currentTree │   │ │ │ └── xtend@4.0.1
94 silly currentTree │   │ │ └─┬ pinkie-promise@2.0.1
94 silly currentTree │   │ │   └── pinkie@2.0.4
94 silly currentTree │   │ ├─┬ hawk@3.1.3
94 silly currentTree │   │ │ ├── boom@2.10.1
94 silly currentTree │   │ │ ├── cryptiles@2.0.5
94 silly currentTree │   │ │ ├── hoek@2.16.3
94 silly currentTree │   │ │ └── sntp@1.0.9
94 silly currentTree │   │ ├─┬ http-signature@1.1.1
94 silly currentTree │   │ │ ├── assert-plus@0.2.0
94 silly currentTree │   │ │ ├─┬ jsprim@1.2.2
94 silly currentTree │   │ │ │ ├── extsprintf@1.0.2
94 silly currentTree │   │ │ │ ├── json-schema@0.2.2
94 silly currentTree │   │ │ │ └── verror@1.3.6
94 silly currentTree │   │ │ └─┬ sshpk@1.8.3
94 silly currentTree │   │ │   ├── asn1@0.2.3
94 silly currentTree │   │ │   ├── assert-plus@1.0.0
94 silly currentTree │   │ │   ├── dashdash@1.13.1
94 silly currentTree │   │ │   ├── ecc-jsbn@0.1.1
94 silly currentTree │   │ │   ├── getpass@0.1.6
94 silly currentTree │   │ │   ├── jodid25519@1.0.2
94 silly currentTree │   │ │   ├── jsbn@0.1.0
94 silly currentTree │   │ │   └── tweetnacl@0.13.3
94 silly currentTree │   │ ├── is-typedarray@1.0.0
94 silly currentTree │   │ ├── isstream@0.1.2
94 silly currentTree │   │ ├── json-stringify-safe@5.0.1
94 silly currentTree │   │ ├─┬ mime-types@2.1.11
94 silly currentTree │   │ │ └── mime-db@1.23.0
94 silly currentTree │   │ ├── node-uuid@1.4.7
94 silly currentTree │   │ ├── oauth-sign@0.8.2
94 silly currentTree │   │ ├── qs@6.1.0
94 silly currentTree │   │ ├── stringstream@0.0.5
94 silly currentTree │   │ ├── tough-cookie@2.2.2
94 silly currentTree │   │ └── tunnel-agent@0.4.3
94 silly currentTree │   ├─┬ rimraf@2.5.2
94 silly currentTree │   │ └─┬ glob@7.0.3
94 silly currentTree │   │   ├─┬ inflight@1.0.4
94 silly currentTree │   │   │ └── wrappy@1.0.1
94 silly currentTree │   │   ├── inherits@2.0.1
94 silly currentTree │   │   ├─┬ minimatch@3.0.0
94 silly currentTree │   │   │ └─┬ brace-expansion@1.1.4
94 silly currentTree │   │   │   ├── balanced-match@0.4.1
94 silly currentTree │   │   │   └── concat-map@0.0.1
94 silly currentTree │   │   ├─┬ once@1.3.3
94 silly currentTree │   │   │ └── wrappy@1.0.1
94 silly currentTree │   │   └── path-is-absolute@1.0.0
94 silly currentTree │   ├── semver@5.1.0
94 silly currentTree │   ├─┬ tar-pack@3.1.3
94 silly currentTree │   │ ├─┬ fstream-ignore@1.0.4
94 silly currentTree │   │ │ ├── inherits@2.0.1
94 silly currentTree │   │ │ └─┬ minimatch@3.0.0
94 silly currentTree │   │ │   └─┬ brace-expansion@1.1.4
94 silly currentTree │   │ │     ├── balanced-match@0.4.1
94 silly currentTree │   │ │     └── concat-map@0.0.1
94 silly currentTree │   │ ├─┬ fstream@1.0.9
94 silly currentTree │   │ │ ├── graceful-fs@4.1.4
94 silly currentTree │   │ │ └── inherits@2.0.1
94 silly currentTree │   │ ├─┬ once@1.3.3
94 silly currentTree │   │ │ └── wrappy@1.0.1
94 silly currentTree │   │ ├─┬ readable-stream@2.0.6
94 silly currentTree │   │ │ ├── core-util-is@1.0.2
94 silly currentTree │   │ │ ├── inherits@2.0.1
94 silly currentTree │   │ │ ├── isarray@1.0.0
94 silly currentTree │   │ │ ├── process-nextick-args@1.0.7
94 silly currentTree │   │ │ ├── string_decoder@0.10.31
94 silly currentTree │   │ │ └── util-deprecate@1.0.2
94 silly currentTree │   │ └── uid-number@0.0.6
94 silly currentTree │   └─┬ tar@2.2.1
94 silly currentTree │     ├── block-stream@0.0.9
94 silly currentTree │     ├─┬ fstream@1.0.9
94 silly currentTree │     │ └── graceful-fs@4.1.4
94 silly currentTree │     └── inherits@2.0.1
94 silly currentTree ├── sigmund@1.0.1
94 silly currentTree ├── sntp@1.0.9
94 silly currentTree ├─┬ sshpk@1.8.3
94 silly currentTree │ └── assert-plus@1.0.0
94 silly currentTree ├── string_decoder@0.10.31
94 silly currentTree ├── stringstream@0.0.5
94 silly currentTree ├── strip-ansi@3.0.1
94 silly currentTree ├── supports-color@2.0.0
94 silly currentTree ├── tar@2.2.1
94 silly currentTree ├── tough-cookie@2.2.2
94 silly currentTree ├── tunnel-agent@0.4.3
94 silly currentTree ├── tweetnacl@0.13.3
94 silly currentTree ├── util-deprecate@1.0.2
94 silly currentTree ├── verror@1.3.6
94 silly currentTree ├── which@1.2.10
94 silly currentTree ├── wrappy@1.0.2
94 silly currentTree └── xtend@4.0.1
95 silly idealTree ethcascratch@2.0.0
95 silly idealTree ├── abbrev@1.0.7
95 silly idealTree ├── ansi-regex@2.0.0
95 silly idealTree ├── ansi-styles@2.2.1
95 silly idealTree ├── ansi@0.3.1
95 silly idealTree ├── are-we-there-yet@1.1.2
95 silly idealTree ├── array-index@1.0.0
95 silly idealTree ├── asn1@0.2.3
95 silly idealTree ├── assert-plus@0.2.0
95 silly idealTree ├── async@1.5.2
95 silly idealTree ├── aws-sign2@0.6.0
95 silly idealTree ├── aws4@1.4.1
95 silly idealTree ├── balanced-match@0.4.1
95 silly idealTree ├── bindings@1.2.1
95 silly idealTree ├─┬ bl@1.1.2
95 silly idealTree │ └── readable-stream@2.0.6
95 silly idealTree ├── block-stream@0.0.9
95 silly idealTree ├── boom@2.10.1
95 silly idealTree ├── brace-expansion@1.1.4
95 silly idealTree ├── buffer-shims@1.0.0
95 silly idealTree ├── caseless@0.11.0
95 silly idealTree ├── chalk@1.1.3
95 silly idealTree ├── combined-stream@1.0.5
95 silly idealTree ├── commander@2.9.0
95 silly idealTree ├── concat-map@0.0.1
95 silly idealTree ├── core-util-is@1.0.2
95 silly idealTree ├── cryptiles@2.0.5
95 silly idealTree ├── d@0.1.1
95 silly idealTree ├─┬ dashdash@1.14.0
95 silly idealTree │ └── assert-plus@1.0.0
95 silly idealTree ├── debug@2.2.0
95 silly idealTree ├── define-properties@1.1.2
95 silly idealTree ├── delayed-stream@1.0.0
95 silly idealTree ├── delegates@1.0.0
95 silly idealTree ├── ecc-jsbn@0.1.1
95 silly idealTree ├─┬ es5-ext@0.10.11
95 silly idealTree │ └── es6-symbol@3.0.2
95 silly idealTree ├── es6-iterator@2.0.0
95 silly idealTree ├── es6-promise@3.2.1
95 silly idealTree ├── es6-symbol@3.1.0
95 silly idealTree ├── escape-string-regexp@1.0.5
95 silly idealTree ├── extend@3.0.0
95 silly idealTree ├── extsprintf@1.0.2
95 silly idealTree ├── foreach@2.0.5
95 silly idealTree ├── forever-agent@0.6.1
95 silly idealTree ├── form-data@1.0.0-rc4
95 silly idealTree ├── fstream@1.0.9
95 silly idealTree ├── function-bind@1.1.0
95 silly idealTree ├── gauge@1.2.7
95 silly idealTree ├── generate-function@2.0.0
95 silly idealTree ├── generate-object-property@1.2.0
95 silly idealTree ├─┬ getpass@0.1.6
95 silly idealTree │ └── assert-plus@1.0.0
95 silly idealTree ├─┬ glob@4.5.3
95 silly idealTree │ └── minimatch@2.0.10
95 silly idealTree ├── graceful-fs@4.1.4
95 silly idealTree ├── graceful-readlink@1.0.1
95 silly idealTree ├── har-validator@2.0.6
95 silly idealTree ├── has-ansi@2.0.0
95 silly idealTree ├── has-unicode@2.0.0
95 silly idealTree ├── hawk@3.1.3
95 silly idealTree ├── hoek@2.16.3
95 silly idealTree ├── http-signature@1.1.1
95 silly idealTree ├── inflight@1.0.5
95 silly idealTree ├── inherits@2.0.1
95 silly idealTree ├── is-my-json-valid@2.13.1
95 silly idealTree ├── is-property@1.0.2
95 silly idealTree ├── is-typedarray@1.0.0
95 silly idealTree ├── isarray@1.0.0
95 silly idealTree ├── isexe@1.1.2
95 silly idealTree ├── isstream@0.1.2
95 silly idealTree ├── jodid25519@1.0.2
95 silly idealTree ├── jsbn@0.1.0
95 silly idealTree ├── json-schema@0.2.2
95 silly idealTree ├── json-stringify-safe@5.0.1
95 silly idealTree ├── jsonpointer@2.0.0
95 silly idealTree ├── jsprim@1.2.2
95 silly idealTree ├── lodash._baseslice@4.0.0
95 silly idealTree ├── lodash._basetostring@4.12.0
95 silly idealTree ├── lodash.pad@4.4.0
95 silly idealTree ├── lodash.padend@4.5.0
95 silly idealTree ├── lodash.padstart@4.5.0
95 silly idealTree ├── lodash.tostring@4.1.3
95 silly idealTree ├── lru-cache@2.7.3
95 silly idealTree ├─┬ midi@0.9.4
95 silly idealTree │ └── nan@2.0.9
95 silly idealTree ├── mime-db@1.23.0
95 silly idealTree ├── mime-types@2.1.11
95 silly idealTree ├── minimatch@1.0.0
95 silly idealTree ├── minimist@0.0.8
95 silly idealTree ├── mkdirp@0.5.1
95 silly idealTree ├── ms@0.7.1
95 silly idealTree ├── nan@2.3.5
95 silly idealTree ├── node-gyp@3.3.1
95 silly idealTree ├── node-uuid@1.4.7
95 silly idealTree ├── nopt@3.0.6
95 silly idealTree ├── npmlog@2.0.4
95 silly idealTree ├── oauth-sign@0.8.2
95 silly idealTree ├── object-keys@1.0.9
95 silly idealTree ├── object.assign@4.0.3
95 silly idealTree ├── once@1.3.3
95 silly idealTree ├── os-homedir@1.0.1
95 silly idealTree ├── os-tmpdir@1.0.1
95 silly idealTree ├── osenv@0.1.3
95 silly idealTree ├── path-array@1.0.1
95 silly idealTree ├── path-is-absolute@1.0.0
95 silly idealTree ├── pinkie-promise@2.0.1
95 silly idealTree ├── pinkie@2.0.4
95 silly idealTree ├── process-nextick-args@1.0.7
95 silly idealTree ├── qs@6.1.0
95 silly idealTree ├── readable-stream@2.1.4
95 silly idealTree ├── request@2.72.0
95 silly idealTree ├─┬ rimraf@2.5.2
95 silly idealTree │ ├── glob@7.0.3
95 silly idealTree │ └── minimatch@3.0.0
95 silly idealTree ├── semver@5.1.0
95 silly idealTree ├─┬ serialport@3.1.2
95 silly idealTree │ └─┬ node-pre-gyp@0.6.28
95 silly idealTree │   ├─┬ mkdirp@0.5.1
95 silly idealTree │   │ └── minimist@0.0.8
95 silly idealTree │   ├─┬ nopt@3.0.6
95 silly idealTree │   │ └── abbrev@1.0.7
95 silly idealTree │   ├─┬ npmlog@2.0.3
95 silly idealTree │   │ ├── ansi@0.3.1
95 silly idealTree │   │ ├─┬ are-we-there-yet@1.1.2
95 silly idealTree │   │ │ ├── delegates@1.0.0
95 silly idealTree │   │ │ └─┬ readable-stream@2.1.2
95 silly idealTree │   │ │   ├── core-util-is@1.0.2
95 silly idealTree │   │ │   ├── inherits@2.0.1
95 silly idealTree │   │ │   ├── isarray@1.0.0
95 silly idealTree │   │ │   ├── process-nextick-args@1.0.7
95 silly idealTree │   │ │   ├── string_decoder@0.10.31
95 silly idealTree │   │ │   └── util-deprecate@1.0.2
95 silly idealTree │   │ └─┬ gauge@1.2.7
95 silly idealTree │   │   ├── has-unicode@2.0.0
95 silly idealTree │   │   ├─┬ lodash.pad@4.4.0
95 silly idealTree │   │   │ ├── lodash._baseslice@4.0.0
95 silly idealTree │   │   │ ├── lodash._basetostring@4.12.0
95 silly idealTree │   │   │ └── lodash.tostring@4.1.3
95 silly idealTree │   │   ├─┬ lodash.padend@4.5.0
95 silly idealTree │   │   │ ├── lodash._baseslice@4.0.0
95 silly idealTree │   │   │ ├── lodash._basetostring@4.12.0
95 silly idealTree │   │   │ └── lodash.tostring@4.1.3
95 silly idealTree │   │   └─┬ lodash.padstart@4.5.0
95 silly idealTree │   │     ├── lodash._baseslice@4.0.0
95 silly idealTree │   │     ├── lodash._basetostring@4.12.0
95 silly idealTree │   │     └── lodash.tostring@4.1.3
95 silly idealTree │   ├─┬ rc@1.1.6
95 silly idealTree │   │ ├── deep-extend@0.4.1
95 silly idealTree │   │ ├── ini@1.3.4
95 silly idealTree │   │ ├── minimist@1.2.0
95 silly idealTree │   │ └── strip-json-comments@1.0.4
95 silly idealTree │   ├─┬ request@2.72.0
95 silly idealTree │   │ ├── aws-sign2@0.6.0
95 silly idealTree │   │ ├── aws4@1.4.1
95 silly idealTree │   │ ├─┬ bl@1.1.2
95 silly idealTree │   │ │ └─┬ readable-stream@2.0.6
95 silly idealTree │   │ │   ├── core-util-is@1.0.2
95 silly idealTree │   │ │   ├── inherits@2.0.1
95 silly idealTree │   │ │   ├── isarray@1.0.0
95 silly idealTree │   │ │   ├── process-nextick-args@1.0.7
95 silly idealTree │   │ │   ├── string_decoder@0.10.31
95 silly idealTree │   │ │   └── util-deprecate@1.0.2
95 silly idealTree │   │ ├── caseless@0.11.0
95 silly idealTree │   │ ├─┬ combined-stream@1.0.5
95 silly idealTree │   │ │ └── delayed-stream@1.0.0
95 silly idealTree │   │ ├── extend@3.0.0
95 silly idealTree │   │ ├── forever-agent@0.6.1
95 silly idealTree │   │ ├─┬ form-data@1.0.0-rc4
95 silly idealTree │   │ │ └── async@1.5.2
95 silly idealTree │   │ ├─┬ har-validator@2.0.6
95 silly idealTree │   │ │ ├─┬ chalk@1.1.3
95 silly idealTree │   │ │ │ ├── ansi-styles@2.2.1
95 silly idealTree │   │ │ │ ├── escape-string-regexp@1.0.5
95 silly idealTree │   │ │ │ ├─┬ has-ansi@2.0.0
95 silly idealTree │   │ │ │ │ └── ansi-regex@2.0.0
95 silly idealTree │   │ │ │ ├─┬ strip-ansi@3.0.1
95 silly idealTree │   │ │ │ │ └── ansi-regex@2.0.0
95 silly idealTree │   │ │ │ └── supports-color@2.0.0
95 silly idealTree │   │ │ ├─┬ is-my-json-valid@2.13.1
95 silly idealTree │   │ │ │ ├── generate-function@2.0.0
95 silly idealTree │   │ │ │ ├─┬ generate-object-property@1.2.0
95 silly idealTree │   │ │ │ │ └── is-property@1.0.2
95 silly idealTree │   │ │ │ ├── jsonpointer@2.0.0
95 silly idealTree │   │ │ │ └── xtend@4.0.1
95 silly idealTree │   │ │ └─┬ pinkie-promise@2.0.1
95 silly idealTree │   │ │   └── pinkie@2.0.4
95 silly idealTree │   │ ├─┬ hawk@3.1.3
95 silly idealTree │   │ │ ├── boom@2.10.1
95 silly idealTree │   │ │ ├── cryptiles@2.0.5
95 silly idealTree │   │ │ ├── hoek@2.16.3
95 silly idealTree │   │ │ └── sntp@1.0.9
95 silly idealTree │   │ ├─┬ http-signature@1.1.1
95 silly idealTree │   │ │ ├── assert-plus@0.2.0
95 silly idealTree │   │ │ ├─┬ jsprim@1.2.2
95 silly idealTree │   │ │ │ ├── extsprintf@1.0.2
95 silly idealTree │   │ │ │ ├── json-schema@0.2.2
95 silly idealTree │   │ │ │ └── verror@1.3.6
95 silly idealTree │   │ │ └─┬ sshpk@1.8.3
95 silly idealTree │   │ │   ├── asn1@0.2.3
95 silly idealTree │   │ │   ├── assert-plus@1.0.0
95 silly idealTree │   │ │   ├── dashdash@1.13.1
95 silly idealTree │   │ │   ├── ecc-jsbn@0.1.1
95 silly idealTree │   │ │   ├── getpass@0.1.6
95 silly idealTree │   │ │   ├── jodid25519@1.0.2
95 silly idealTree │   │ │   ├── jsbn@0.1.0
95 silly idealTree │   │ │   └── tweetnacl@0.13.3
95 silly idealTree │   │ ├── is-typedarray@1.0.0
95 silly idealTree │   │ ├── isstream@0.1.2
95 silly idealTree │   │ ├── json-stringify-safe@5.0.1
95 silly idealTree │   │ ├─┬ mime-types@2.1.11
95 silly idealTree │   │ │ └── mime-db@1.23.0
95 silly idealTree │   │ ├── node-uuid@1.4.7
95 silly idealTree │   │ ├── oauth-sign@0.8.2
95 silly idealTree │   │ ├── qs@6.1.0
95 silly idealTree │   │ ├── stringstream@0.0.5
95 silly idealTree │   │ ├── tough-cookie@2.2.2
95 silly idealTree │   │ └── tunnel-agent@0.4.3
95 silly idealTree │   ├─┬ rimraf@2.5.2
95 silly idealTree │   │ └─┬ glob@7.0.3
95 silly idealTree │   │   ├─┬ inflight@1.0.4
95 silly idealTree │   │   │ └── wrappy@1.0.1
95 silly idealTree │   │   ├── inherits@2.0.1
95 silly idealTree │   │   ├─┬ minimatch@3.0.0
95 silly idealTree │   │   │ └─┬ brace-expansion@1.1.4
95 silly idealTree │   │   │   ├── balanced-match@0.4.1
95 silly idealTree │   │   │   └── concat-map@0.0.1
95 silly idealTree │   │   ├─┬ once@1.3.3
95 silly idealTree │   │   │ └── wrappy@1.0.1
95 silly idealTree │   │   └── path-is-absolute@1.0.0
95 silly idealTree │   ├── semver@5.1.0
95 silly idealTree │   ├─┬ tar-pack@3.1.3
95 silly idealTree │   │ ├─┬ fstream-ignore@1.0.4
95 silly idealTree │   │ │ ├── inherits@2.0.1
95 silly idealTree │   │ │ └─┬ minimatch@3.0.0
95 silly idealTree │   │ │   └─┬ brace-expansion@1.1.4
95 silly idealTree │   │ │     ├── balanced-match@0.4.1
95 silly idealTree │   │ │     └── concat-map@0.0.1
95 silly idealTree │   │ ├─┬ fstream@1.0.9
95 silly idealTree │   │ │ ├── graceful-fs@4.1.4
95 silly idealTree │   │ │ └── inherits@2.0.1
95 silly idealTree │   │ ├─┬ once@1.3.3
95 silly idealTree │   │ │ └── wrappy@1.0.1
95 silly idealTree │   │ ├─┬ readable-stream@2.0.6
95 silly idealTree │   │ │ ├── core-util-is@1.0.2
95 silly idealTree │   │ │ ├── inherits@2.0.1
95 silly idealTree │   │ │ ├── isarray@1.0.0
95 silly idealTree │   │ │ ├── process-nextick-args@1.0.7
95 silly idealTree │   │ │ ├── string_decoder@0.10.31
95 silly idealTree │   │ │ └── util-deprecate@1.0.2
95 silly idealTree │   │ └── uid-number@0.0.6
95 silly idealTree │   └─┬ tar@2.2.1
95 silly idealTree │     ├── block-stream@0.0.9
95 silly idealTree │     ├─┬ fstream@1.0.9
95 silly idealTree │     │ └── graceful-fs@4.1.4
95 silly idealTree │     └── inherits@2.0.1
95 silly idealTree ├── sigmund@1.0.1
95 silly idealTree ├── sntp@1.0.9
95 silly idealTree ├─┬ sshpk@1.8.3
95 silly idealTree │ └── assert-plus@1.0.0
95 silly idealTree ├── string_decoder@0.10.31
95 silly idealTree ├── stringstream@0.0.5
95 silly idealTree ├── strip-ansi@3.0.1
95 silly idealTree ├── supports-color@2.0.0
95 silly idealTree ├── tar@2.2.1
95 silly idealTree ├── tough-cookie@2.2.2
95 silly idealTree ├── tunnel-agent@0.4.3
95 silly idealTree ├── tweetnacl@0.13.3
95 silly idealTree ├── util-deprecate@1.0.2
95 silly idealTree ├── verror@1.3.6
95 silly idealTree ├── which@1.2.10
95 silly idealTree ├── wrappy@1.0.2
95 silly idealTree └── xtend@4.0.1
96 silly generateActionsToTake Starting
97 silly install generateActionsToTake
98 silly generateActionsToTake Finishing
99 silly diffTrees action count 2
100 silly diffTrees add nan@2.0.9
101 silly diffTrees add midi@0.9.4
102 silly decomposeActions action count 16
103 silly decomposeActions fetch nan@2.0.9
104 silly decomposeActions extract nan@2.0.9
105 silly decomposeActions preinstall nan@2.0.9
106 silly decomposeActions build nan@2.0.9
107 silly decomposeActions install nan@2.0.9
108 silly decomposeActions postinstall nan@2.0.9
109 silly decomposeActions test nan@2.0.9
110 silly decomposeActions finalize nan@2.0.9
111 silly decomposeActions fetch midi@0.9.4
112 silly decomposeActions extract midi@0.9.4
113 silly decomposeActions preinstall midi@0.9.4
114 silly decomposeActions build midi@0.9.4
115 silly decomposeActions install midi@0.9.4
116 silly decomposeActions postinstall midi@0.9.4
117 silly decomposeActions test midi@0.9.4
118 silly decomposeActions finalize midi@0.9.4
119 silly executeActions Starting
120 silly install executeActions
121 silly doSerial global-install 0
122 silly doParallel fetch 2
123 verbose lock using C:\Users\blacksanta_69\AppData\Roaming\npm-cache\_locks\staging-2231562e8c4a385f.lock for D:\Experimental\EtchAScratch\node_modules\.staging
124 silly doParallel extract 2
125 silly extract nan@2.0.9
126 silly extract midi@0.9.4
127 verbose unbuild node_modules\.staging\nan-ddb1cfd8de5c18f6e04ab7d208a6df9d
128 verbose unbuild node_modules\.staging\midi-74cb0678b61d84bc0e6869d1efab1785
129 silly gentlyRm D:\Experimental\EtchAScratch\node_modules\.staging\nan-ddb1cfd8de5c18f6e04ab7d208a6df9d is being purged from base D:\Experimental\EtchAScratch
130 silly gentlyRm D:\Experimental\EtchAScratch\node_modules\.staging\midi-74cb0678b61d84bc0e6869d1efab1785 is being purged from base D:\Experimental\EtchAScratch
131 verbose gentlyRm don't care about contents; nuking D:\Experimental\EtchAScratch\node_modules\.staging\nan-ddb1cfd8de5c18f6e04ab7d208a6df9d
132 verbose gentlyRm don't care about contents; nuking D:\Experimental\EtchAScratch\node_modules\.staging\midi-74cb0678b61d84bc0e6869d1efab1785
133 verbose tar unpack C:\Users\blacksanta_69\AppData\Roaming\npm-cache\nan\2.0.9\package.tgz
134 verbose tar unpacking to D:\Experimental\EtchAScratch\node_modules\.staging\nan-ddb1cfd8de5c18f6e04ab7d208a6df9d
135 silly gentlyRm D:\Experimental\EtchAScratch\node_modules\.staging\nan-ddb1cfd8de5c18f6e04ab7d208a6df9d is being purged
136 verbose tar unpack C:\Users\blacksanta_69\AppData\Roaming\npm-cache\midi\0.9.4\package.tgz
137 verbose tar unpacking to D:\Experimental\EtchAScratch\node_modules\.staging\midi-74cb0678b61d84bc0e6869d1efab1785
138 silly gentlyRm D:\Experimental\EtchAScratch\node_modules\.staging\midi-74cb0678b61d84bc0e6869d1efab1785 is being purged
139 verbose gentlyRm don't care about contents; nuking D:\Experimental\EtchAScratch\node_modules\.staging\nan-ddb1cfd8de5c18f6e04ab7d208a6df9d
140 verbose gentlyRm don't care about contents; nuking D:\Experimental\EtchAScratch\node_modules\.staging\midi-74cb0678b61d84bc0e6869d1efab1785
141 silly gunzTarPerm modes [ '777', '666' ]
142 silly gunzTarPerm modes [ '777', '666' ]
143 silly gunzTarPerm extractEntry package.json
144 silly gunzTarPerm modified mode [ 'package.json', 420, 438 ]
145 silly gunzTarPerm extractEntry package.json
146 silly gunzTarPerm modified mode [ 'package.json', 436, 438 ]
147 silly gunzTarPerm extractEntry .npmignore
148 silly gunzTarPerm modified mode [ '.npmignore', 420, 438 ]
149 silly gunzTarPerm extractEntry README.md
150 silly gunzTarPerm modified mode [ 'README.md', 420, 438 ]
151 silly gunzTarPerm extractEntry README.md
152 silly gunzTarPerm modified mode [ 'README.md', 436, 438 ]
153 silly gunzTarPerm extractEntry include_dirs.js
154 silly gunzTarPerm modified mode [ 'include_dirs.js', 436, 438 ]
155 silly gunzTarPerm extractEntry LICENSE
156 silly gunzTarPerm modified mode [ 'LICENSE', 420, 438 ]
157 silly gunzTarPerm extractEntry testit.js
158 silly gunzTarPerm modified mode [ 'testit.js', 420, 438 ]
159 silly gunzTarPerm extractEntry nan_converters.h
160 silly gunzTarPerm modified mode [ 'nan_converters.h', 436, 438 ]
161 silly gunzTarPerm extractEntry LICENSE.md
162 silly gunzTarPerm modified mode [ 'LICENSE.md', 436, 438 ]
163 silly gunzTarPerm extractEntry .dntrc
164 silly gunzTarPerm modified mode [ '.dntrc', 436, 438 ]
165 silly gunzTarPerm extractEntry appveyor.yml
166 silly gunzTarPerm modified mode [ 'appveyor.yml', 436, 438 ]
167 silly gunzTarPerm extractEntry crash.js
168 silly gunzTarPerm modified mode [ 'crash.js', 420, 438 ]
169 silly gunzTarPerm extractEntry midi.js
170 silly gunzTarPerm modified mode [ 'midi.js', 420, 438 ]
171 silly gunzTarPerm extractEntry .tags
172 silly gunzTarPerm modified mode [ '.tags', 420, 438 ]
173 silly gunzTarPerm extractEntry binding.gyp
174 silly gunzTarPerm modified mode [ 'binding.gyp', 420, 438 ]
175 silly gunzTarPerm extractEntry doc/new.md
176 silly gunzTarPerm modified mode [ 'doc/new.md', 436, 438 ]
177 silly gunzTarPerm extractEntry doc/.build.sh
178 silly gunzTarPerm modified mode [ 'doc/.build.sh', 509, 511 ]
179 silly gunzTarPerm extractEntry .tags_sorted_by_file
180 silly gunzTarPerm modified mode [ '.tags_sorted_by_file', 420, 438 ]
181 silly gunzTarPerm extractEntry doc/buffers.md
182 silly gunzTarPerm modified mode [ 'doc/buffers.md', 436, 438 ]
183 silly gunzTarPerm extractEntry doc/callback.md
184 silly gunzTarPerm modified mode [ 'doc/callback.md', 436, 438 ]
185 silly gunzTarPerm extractEntry doc/converters.md
186 silly gunzTarPerm modified mode [ 'doc/converters.md', 436, 438 ]
187 silly gunzTarPerm extractEntry doc/errors.md
188 silly gunzTarPerm modified mode [ 'doc/errors.md', 436, 438 ]
189 silly gunzTarPerm extractEntry doc/maybe_types.md
190 silly gunzTarPerm modified mode [ 'doc/maybe_types.md', 436, 438 ]
191 silly gunzTarPerm extractEntry doc/methods.md
192 silly gunzTarPerm modified mode [ 'doc/methods.md', 436, 438 ]
193 silly gunzTarPerm extractEntry .travis.yml
194 silly gunzTarPerm modified mode [ '.travis.yml', 420, 438 ]
195 silly gunzTarPerm extractEntry CHANGELOG.md
196 silly gunzTarPerm modified mode [ 'CHANGELOG.md', 420, 438 ]
197 silly gunzTarPerm extractEntry doc/asyncworker.md
198 silly gunzTarPerm modified mode [ 'doc/asyncworker.md', 436, 438 ]
199 silly gunzTarPerm extractEntry doc/node_misc.md
200 silly gunzTarPerm modified mode [ 'doc/node_misc.md', 436, 438 ]
201 silly gunzTarPerm extractEntry test/virtual-writeStream-test.js
202 silly gunzTarPerm modified mode [ 'test/virtual-writeStream-test.js', 420, 438 ]
203 silly gunzTarPerm extractEntry test/input-test.js
204 silly gunzTarPerm modified mode [ 'test/input-test.js', 420, 438 ]
205 silly gunzTarPerm extractEntry test/output-test.js
206 silly gunzTarPerm modified mode [ 'test/output-test.js', 420, 438 ]
207 silly gunzTarPerm extractEntry doc/persistent.md
208 silly gunzTarPerm modified mode [ 'doc/persistent.md', 436, 438 ]
209 silly gunzTarPerm extractEntry doc/scopes.md
210 silly gunzTarPerm modified mode [ 'doc/scopes.md', 436, 438 ]
211 silly gunzTarPerm extractEntry test/unit-tests.js
212 silly gunzTarPerm modified mode [ 'test/unit-tests.js', 420, 438 ]
213 silly gunzTarPerm extractEntry test/input-reopen-test.js
214 silly gunzTarPerm modified mode [ 'test/input-reopen-test.js', 420, 438 ]
215 silly gunzTarPerm extractEntry test/virtual-loopback-test-automated.js
216 silly gunzTarPerm modified mode [ 'test/virtual-loopback-test-automated.js', 420, 438 ]
217 silly gunzTarPerm extractEntry test/virtual-loopback-test.js
218 silly gunzTarPerm modified mode [ 'test/virtual-loopback-test.js', 420, 438 ]
219 silly gunzTarPerm extractEntry test/virtual-output-test.js
220 silly gunzTarPerm modified mode [ 'test/virtual-output-test.js', 420, 438 ]
221 silly gunzTarPerm extractEntry test/virtual-readStream-test.js
222 silly gunzTarPerm modified mode [ 'test/virtual-readStream-test.js', 420, 438 ]
223 silly gunzTarPerm extractEntry doc/script.md
224 silly gunzTarPerm modified mode [ 'doc/script.md', 436, 438 ]
225 silly gunzTarPerm extractEntry doc/string_bytes.md
226 silly gunzTarPerm modified mode [ 'doc/string_bytes.md', 436, 438 ]
227 silly gunzTarPerm extractEntry test/virtual-input-test.js
228 silly gunzTarPerm modified mode [ 'test/virtual-input-test.js', 420, 438 ]
229 silly gunzTarPerm extractEntry test/fixture/144-23-81.bin
230 silly gunzTarPerm modified mode [ 'test/fixture/144-23-81.bin', 420, 438 ]
231 silly gunzTarPerm extractEntry src/lib/RtMidi/doc/doxygen/Doxyfile
232 silly gunzTarPerm modified mode [ 'src/lib/RtMidi/doc/doxygen/Doxyfile', 420, 438 ]
233 silly gunzTarPerm extractEntry src/lib/RtMidi/doc/doxygen/footer.html
234 silly gunzTarPerm modified mode [ 'src/lib/RtMidi/doc/doxygen/footer.html', 420, 438 ]
235 silly gunzTarPerm extractEntry src/lib/RtMidi/doc/doxygen/header.html
236 silly gunzTarPerm modified mode [ 'src/lib/RtMidi/doc/doxygen/header.html', 420, 438 ]
237 silly gunzTarPerm extractEntry doc/v8_internals.md
238 silly gunzTarPerm modified mode [ 'doc/v8_internals.md', 436, 438 ]
239 silly gunzTarPerm extractEntry doc/v8_misc.md
240 silly gunzTarPerm modified mode [ 'doc/v8_misc.md', 436, 438 ]
241 silly gunzTarPerm extractEntry src/lib/RtMidi/doc/doxygen/tutorial.txt
242 silly gunzTarPerm modified mode [ 'src/lib/RtMidi/doc/doxygen/tutorial.txt', 420, 438 ]
243 silly gunzTarPerm extractEntry src/lib/RtMidi/doc/html/dynsections.js
244 silly gunzTarPerm modified mode [ 'src/lib/RtMidi/doc/html/dynsections.js', 420, 438 ]
245 silly gunzTarPerm extractEntry src/lib/RtMidi/doc/html/jquery.js
246 silly gunzTarPerm modified mode [ 'src/lib/RtMidi/doc/html/jquery.js', 420, 438 ]
247 silly gunzTarPerm extractEntry src/lib/RtMidi/doc/html/classRtMidiOut.png
248 silly gunzTarPerm modified mode [ 'src/lib/RtMidi/doc/html/classRtMidiOut.png', 420, 438 ]
249 silly gunzTarPerm extractEntry src/lib/RtMidi/doc/html/bc_s.png
250 silly gunzTarPerm modified mode [ 'src/lib/RtMidi/doc/html/bc_s.png', 420, 438 ]
251 silly gunzTarPerm extractEntry src/lib/RtMidi/doc/html/bdwn.png
252 silly gunzTarPerm modified mode [ 'src/lib/RtMidi/doc/html/bdwn.png', 420, 438 ]
253 silly gunzTarPerm extractEntry src/lib/RtMidi/doc/html/classMidiApi-members.html
254 silly gunzTarPerm modified mode [ 'src/lib/RtMidi/doc/html/classMidiApi-members.html', 420, 438 ]
255 silly gunzTarPerm extractEntry src/lib/RtMidi/doc/html/classMidiApi.html
256 silly gunzTarPerm modified mode [ 'src/lib/RtMidi/doc/html/classMidiApi.html', 420, 438 ]
257 silly gunzTarPerm extractEntry nan.h
258 silly gunzTarPerm modified mode [ 'nan.h', 436, 438 ]
259 silly gunzTarPerm extractEntry nan_callbacks.h
260 silly gunzTarPerm modified mode [ 'nan_callbacks.h', 436, 438 ]
261 silly gunzTarPerm extractEntry nan_callbacks_12_inl.h
262 silly gunzTarPerm modified mode [ 'nan_callbacks_12_inl.h', 436, 438 ]
263 silly gunzTarPerm extractEntry nan_callbacks_pre_12_inl.h
264 silly gunzTarPerm modified mode [ 'nan_callbacks_pre_12_inl.h', 436, 438 ]
265 silly gunzTarPerm extractEntry nan_converters_43_inl.h
266 silly gunzTarPerm modified mode [ 'nan_converters_43_inl.h', 436, 438 ]
267 silly gunzTarPerm extractEntry nan_converters_pre_43_inl.h
268 silly gunzTarPerm modified mode [ 'nan_converters_pre_43_inl.h', 436, 438 ]
269 silly gunzTarPerm extractEntry nan_implementation_12_inl.h
270 silly gunzTarPerm modified mode [ 'nan_implementation_12_inl.h', 436, 438 ]
271 silly gunzTarPerm extractEntry nan_implementation_pre_12_inl.h
272 silly gunzTarPerm modified mode [ 'nan_implementation_pre_12_inl.h', 436, 438 ]
273 silly gunzTarPerm extractEntry nan_maybe_43_inl.h
274 silly gunzTarPerm modified mode [ 'nan_maybe_43_inl.h', 436, 438 ]
275 silly gunzTarPerm extractEntry nan_maybe_pre_43_inl.h
276 silly gunzTarPerm modified mode [ 'nan_maybe_pre_43_inl.h', 436, 438 ]
277 silly gunzTarPerm extractEntry nan_new.h
278 silly gunzTarPerm modified mode [ 'nan_new.h', 436, 438 ]
279 silly gunzTarPerm extractEntry nan_object_wrap.h
280 silly gunzTarPerm modified mode [ 'nan_object_wrap.h', 436, 438 ]
281 silly gunzTarPerm extractEntry nan_persistent_12_inl.h
282 silly gunzTarPerm modified mode [ 'nan_persistent_12_inl.h', 436, 438 ]
283 silly gunzTarPerm extractEntry nan_persistent_pre_12_inl.h
284 silly gunzTarPerm modified mode [ 'nan_persistent_pre_12_inl.h', 436, 438 ]
285 silly gunzTarPerm extractEntry nan_string_bytes.h
286 silly gunzTarPerm modified mode [ 'nan_string_bytes.h', 436, 438 ]
287 silly gunzTarPerm extractEntry nan_weak.h
288 silly gunzTarPerm modified mode [ 'nan_weak.h', 436, 438 ]
289 silly gunzTarPerm extractEntry CHANGELOG.md
290 silly gunzTarPerm modified mode [ 'CHANGELOG.md', 436, 438 ]
291 silly gunzTarPerm extractEntry tools/package.json
292 silly gunzTarPerm modified mode [ 'tools/package.json', 436, 438 ]
293 silly gunzTarPerm extractEntry tools/README.md
294 silly gunzTarPerm modified mode [ 'tools/README.md', 436, 438 ]
295 silly gunzTarPerm extractEntry tools/1to2.js
296 silly gunzTarPerm modified mode [ 'tools/1to2.js', 509, 511 ]
297 silly gunzTarPerm extractEntry src/lib/RtMidi/doc/html/classMidiApi.png
298 silly gunzTarPerm modified mode [ 'src/lib/RtMidi/doc/html/classMidiApi.png', 420, 438 ]
299 silly gunzTarPerm extractEntry src/lib/RtMidi/doc/html/classMidiInAlsa-members.html
300 silly gunzTarPerm modified mode [ 'src/lib/RtMidi/doc/html/classMidiInAlsa-members.html',
300 silly gunzTarPerm   420,
300 silly gunzTarPerm   438 ]
301 silly gunzTarPerm extractEntry src/lib/RtMidi/doc/html/classMidiInAlsa.html
302 silly gunzTarPerm modified mode [ 'src/lib/RtMidi/doc/html/classMidiInAlsa.html', 420, 438 ]
303 silly gunzTarPerm extractEntry src/lib/RtMidi/doc/html/classMidiInAlsa.png
304 silly gunzTarPerm modified mode [ 'src/lib/RtMidi/doc/html/classMidiInAlsa.png', 420, 438 ]
305 silly gunzTarPerm extractEntry src/lib/RtMidi/doc/html/classMidiInApi-members.html
306 silly gunzTarPerm modified mode [ 'src/lib/RtMidi/doc/html/classMidiInApi-members.html',
306 silly gunzTarPerm   420,
306 silly gunzTarPerm   438 ]
307 silly gunzTarPerm extractEntry src/lib/RtMidi/doc/html/classMidiInApi.html
308 silly gunzTarPerm modified mode [ 'src/lib/RtMidi/doc/html/classMidiInApi.html', 420, 438 ]
309 silly gunzTarPerm extractEntry src/lib/RtMidi/doc/html/classMidiInApi.png
310 silly gunzTarPerm modified mode [ 'src/lib/RtMidi/doc/html/classMidiInApi.png', 420, 438 ]
311 silly gunzTarPerm extractEntry src/lib/RtMidi/doc/html/classMidiInCore-members.html
312 silly gunzTarPerm modified mode [ 'src/lib/RtMidi/doc/html/classMidiInCore-members.html',
312 silly gunzTarPerm   420,
312 silly gunzTarPerm   438 ]
313 silly gunzTarPerm extractEntry src/lib/RtMidi/doc/html/classMidiInCore.html
314 silly gunzTarPerm modified mode [ 'src/lib/RtMidi/doc/html/classMidiInCore.html', 420, 438 ]
315 silly gunzTarPerm extractEntry src/lib/RtMidi/doc/html/classMidiInCore.png
316 silly gunzTarPerm modified mode [ 'src/lib/RtMidi/doc/html/classMidiInCore.png', 420, 438 ]
317 silly gunzTarPerm extractEntry src/lib/RtMidi/doc/html/classMidiInJack-members.html
318 silly gunzTarPerm modified mode [ 'src/lib/RtMidi/doc/html/classMidiInJack-members.html',
318 silly gunzTarPerm   420,
318 silly gunzTarPerm   438 ]
319 silly gunzTarPerm extractEntry src/lib/RtMidi/doc/html/classMidiInJack.html
320 silly gunzTarPerm modified mode [ 'src/lib/RtMidi/doc/html/classMidiInJack.html', 420, 438 ]
321 silly gunzTarPerm extractEntry src/lib/RtMidi/doc/html/classMidiInJack.png
322 silly gunzTarPerm modified mode [ 'src/lib/RtMidi/doc/html/classMidiInJack.png', 420, 438 ]
323 silly gunzTarPerm extractEntry src/lib/RtMidi/doc/html/classMidiInWinMM-members.html
324 silly gunzTarPerm modified mode [ 'src/lib/RtMidi/doc/html/classMidiInWinMM-members.html',
324 silly gunzTarPerm   420,
324 silly gunzTarPerm   438 ]
325 silly gunzTarPerm extractEntry src/lib/RtMidi/doc/html/classMidiInWinMM.html
326 silly gunzTarPerm modified mode [ 'src/lib/RtMidi/doc/html/classMidiInWinMM.html', 420, 438 ]
327 silly gunzTarPerm extractEntry src/lib/RtMidi/doc/html/classMidiInWinMM.png
328 silly gunzTarPerm modified mode [ 'src/lib/RtMidi/doc/html/classMidiInWinMM.png', 420, 438 ]
329 silly gunzTarPerm extractEntry src/lib/RtMidi/doc/html/classMidiOutAlsa-members.html
330 silly gunzTarPerm modified mode [ 'src/lib/RtMidi/doc/html/classMidiOutAlsa-members.html',
330 silly gunzTarPerm   420,
330 silly gunzTarPerm   438 ]
331 silly gunzTarPerm extractEntry src/lib/RtMidi/doc/html/classMidiOutAlsa.html
332 silly gunzTarPerm modified mode [ 'src/lib/RtMidi/doc/html/classMidiOutAlsa.html', 420, 438 ]
333 silly gunzTarPerm extractEntry src/lib/RtMidi/doc/html/classMidiOutAlsa.png
334 silly gunzTarPerm modified mode [ 'src/lib/RtMidi/doc/html/classMidiOutAlsa.png', 420, 438 ]
335 silly gunzTarPerm extractEntry src/lib/RtMidi/doc/html/classMidiOutApi-members.html
336 silly gunzTarPerm modified mode [ 'src/lib/RtMidi/doc/html/classMidiOutApi-members.html',
336 silly gunzTarPerm   420,
336 silly gunzTarPerm   438 ]
337 silly gunzTarPerm extractEntry src/lib/RtMidi/doc/html/classMidiOutApi.html
338 silly gunzTarPerm modified mode [ 'src/lib/RtMidi/doc/html/classMidiOutApi.html', 420, 438 ]
339 silly gunzTarPerm extractEntry src/lib/RtMidi/doc/html/classMidiOutApi.png
340 silly gunzTarPerm modified mode [ 'src/lib/RtMidi/doc/html/classMidiOutApi.png', 420, 438 ]
341 silly gunzTarPerm extractEntry src/lib/RtMidi/doc/html/classMidiOutCore-members.html
342 silly gunzTarPerm modified mode [ 'src/lib/RtMidi/doc/html/classMidiOutCore-members.html',
342 silly gunzTarPerm   420,
342 silly gunzTarPerm   438 ]
343 silly gunzTarPerm extractEntry src/lib/RtMidi/doc/html/classMidiOutCore.html
344 silly gunzTarPerm modified mode [ 'src/lib/RtMidi/doc/html/classMidiOutCore.html', 420, 438 ]
345 silly gunzTarPerm extractEntry src/lib/RtMidi/doc/html/classMidiOutCore.png
346 silly gunzTarPerm modified mode [ 'src/lib/RtMidi/doc/html/classMidiOutCore.png', 420, 438 ]
347 silly gunzTarPerm extractEntry src/lib/RtMidi/doc/html/classMidiOutJack-members.html
348 silly gunzTarPerm modified mode [ 'src/lib/RtMidi/doc/html/classMidiOutJack-members.html',
348 silly gunzTarPerm   420,
348 silly gunzTarPerm   438 ]
349 silly gunzTarPerm extractEntry src/lib/RtMidi/doc/html/classMidiOutJack.html
350 silly gunzTarPerm modified mode [ 'src/lib/RtMidi/doc/html/classMidiOutJack.html', 420, 438 ]
351 silly gunzTarPerm extractEntry src/lib/RtMidi/doc/html/classMidiOutJack.png
352 silly gunzTarPerm modified mode [ 'src/lib/RtMidi/doc/html/classMidiOutJack.png', 420, 438 ]
353 silly gunzTarPerm extractEntry src/lib/RtMidi/doc/html/classMidiOutWinMM-members.html
354 silly gunzTarPerm modified mode [ 'src/lib/RtMidi/doc/html/classMidiOutWinMM-members.html',
354 silly gunzTarPerm   420,
354 silly gunzTarPerm   438 ]
355 silly gunzTarPerm extractEntry src/lib/RtMidi/doc/html/classMidiOutWinMM.html
356 silly gunzTarPerm modified mode [ 'src/lib/RtMidi/doc/html/classMidiOutWinMM.html', 420, 438 ]
357 silly gunzTarPerm extractEntry src/lib/RtMidi/doc/html/classMidiOutWinMM.png
358 silly gunzTarPerm modified mode [ 'src/lib/RtMidi/doc/html/classMidiOutWinMM.png', 420, 438 ]
359 silly gunzTarPerm extractEntry src/lib/RtMidi/doc/html/classRtMidi-members.html
360 silly gunzTarPerm modified mode [ 'src/lib/RtMidi/doc/html/classRtMidi-members.html', 420, 438 ]
361 silly gunzTarPerm extractEntry src/lib/RtMidi/doc/html/classRtMidi.html
362 silly gunzTarPerm modified mode [ 'src/lib/RtMidi/doc/html/classRtMidi.html', 420, 438 ]
363 silly gunzTarPerm extractEntry src/lib/RtMidi/doc/html/classRtMidi.png
364 silly gunzTarPerm modified mode [ 'src/lib/RtMidi/doc/html/classRtMidi.png', 420, 438 ]
365 silly gunzTarPerm extractEntry src/lib/RtMidi/doc/html/classRtMidiError-members.html
366 silly gunzTarPerm modified mode [ 'src/lib/RtMidi/doc/html/classRtMidiError-members.html',
366 silly gunzTarPerm   420,
366 silly gunzTarPerm   438 ]
367 silly gunzTarPerm extractEntry src/lib/RtMidi/doc/html/classRtMidiError.html
368 silly gunzTarPerm modified mode [ 'src/lib/RtMidi/doc/html/classRtMidiError.html', 420, 438 ]
369 silly gunzTarPerm extractEntry src/lib/RtMidi/doc/html/classRtMidiError.png
370 silly gunzTarPerm modified mode [ 'src/lib/RtMidi/doc/html/classRtMidiError.png', 420, 438 ]
371 silly gunzTarPerm extractEntry src/lib/RtMidi/doc/html/classRtMidiIn-members.html
372 silly gunzTarPerm modified mode [ 'src/lib/RtMidi/doc/html/classRtMidiIn-members.html',
372 silly gunzTarPerm   420,
372 silly gunzTarPerm   438 ]
373 silly gunzTarPerm extractEntry src/lib/RtMidi/doc/html/classRtMidiIn.html
374 silly gunzTarPerm modified mode [ 'src/lib/RtMidi/doc/html/classRtMidiIn.html', 420, 438 ]
375 silly gunzTarPerm extractEntry src/lib/RtMidi/doc/html/classRtMidiIn.png
376 silly gunzTarPerm modified mode [ 'src/lib/RtMidi/doc/html/classRtMidiIn.png', 420, 438 ]
377 silly gunzTarPerm extractEntry src/lib/RtMidi/doc/html/classRtMidiOut-members.html
378 silly gunzTarPerm modified mode [ 'src/lib/RtMidi/doc/html/classRtMidiOut-members.html',
378 silly gunzTarPerm   420,
378 silly gunzTarPerm   438 ]
379 silly gunzTarPerm extractEntry src/lib/RtMidi/doc/html/classRtMidiOut.html
380 silly gunzTarPerm modified mode [ 'src/lib/RtMidi/doc/html/classRtMidiOut.html', 420, 438 ]
381 silly gunzTarPerm extractEntry src/lib/RtMidi/doc/html/RtMidi_8h_source.html
382 silly gunzTarPerm modified mode [ 'src/lib/RtMidi/doc/html/RtMidi_8h_source.html', 420, 438 ]
383 silly gunzTarPerm extractEntry src/lib/RtMidi/doc/html/classes.html
384 silly gunzTarPerm modified mode [ 'src/lib/RtMidi/doc/html/classes.html', 420, 438 ]
385 silly gunzTarPerm extractEntry src/lib/RtMidi/doc/html/closed.png
386 silly gunzTarPerm modified mode [ 'src/lib/RtMidi/doc/html/closed.png', 420, 438 ]
387 silly gunzTarPerm extractEntry src/lib/RtMidi/doc/html/doxygen.css
388 silly gunzTarPerm modified mode [ 'src/lib/RtMidi/doc/html/doxygen.css', 420, 438 ]
389 silly gunzTarPerm extractEntry src/lib/RtMidi/doc/html/doxygen.png
390 silly gunzTarPerm modified mode [ 'src/lib/RtMidi/doc/html/doxygen.png', 420, 438 ]
391 silly gunzTarPerm extractEntry src/lib/RtMidi/doc/html/RtMidi_8h.html
392 silly gunzTarPerm modified mode [ 'src/lib/RtMidi/doc/html/RtMidi_8h.html', 420, 438 ]
393 silly gunzTarPerm extractEntry src/lib/RtMidi/doc/html/files.html
394 silly gunzTarPerm modified mode [ 'src/lib/RtMidi/doc/html/files.html', 420, 438 ]
395 silly gunzTarPerm extractEntry src/lib/RtMidi/doc/html/ftv2blank.png
396 silly gunzTarPerm modified mode [ 'src/lib/RtMidi/doc/html/ftv2blank.png', 420, 438 ]
397 silly gunzTarPerm extractEntry src/lib/RtMidi/doc/html/ftv2cl.png
398 silly gunzTarPerm modified mode [ 'src/lib/RtMidi/doc/html/ftv2cl.png', 420, 438 ]
399 silly gunzTarPerm extractEntry src/lib/RtMidi/doc/html/ftv2doc.png
400 silly gunzTarPerm modified mode [ 'src/lib/RtMidi/doc/html/ftv2doc.png', 420, 438 ]
401 silly gunzTarPerm extractEntry src/lib/RtMidi/doc/html/ftv2folderclosed.png
402 silly gunzTarPerm modified mode [ 'src/lib/RtMidi/doc/html/ftv2folderclosed.png', 420, 438 ]
403 silly gunzTarPerm extractEntry src/lib/RtMidi/doc/html/ftv2folderopen.png
404 silly gunzTarPerm modified mode [ 'src/lib/RtMidi/doc/html/ftv2folderopen.png', 420, 438 ]
405 silly gunzTarPerm extractEntry src/lib/RtMidi/doc/html/ftv2lastnode.png
406 silly gunzTarPerm modified mode [ 'src/lib/RtMidi/doc/html/ftv2lastnode.png', 420, 438 ]
407 silly gunzTarPerm extractEntry src/lib/RtMidi/doc/html/ftv2link.png
408 silly gunzTarPerm modified mode [ 'src/lib/RtMidi/doc/html/ftv2link.png', 420, 438 ]
409 silly gunzTarPerm extractEntry src/lib/RtMidi/doc/html/ftv2mlastnode.png
410 silly gunzTarPerm modified mode [ 'src/lib/RtMidi/doc/html/ftv2mlastnode.png', 420, 438 ]
411 silly gunzTarPerm extractEntry src/lib/RtMidi/doc/html/ftv2mnode.png
412 silly gunzTarPerm modified mode [ 'src/lib/RtMidi/doc/html/ftv2mnode.png', 420, 438 ]
413 silly gunzTarPerm extractEntry src/lib/RtMidi/doc/html/ftv2mo.png
414 silly gunzTarPerm modified mode [ 'src/lib/RtMidi/doc/html/ftv2mo.png', 420, 438 ]
415 silly gunzTarPerm extractEntry src/lib/RtMidi/doc/html/ftv2node.png
416 silly gunzTarPerm modified mode [ 'src/lib/RtMidi/doc/html/ftv2node.png', 420, 438 ]
417 silly gunzTarPerm extractEntry src/lib/RtMidi/doc/html/ftv2ns.png
418 silly gunzTarPerm modified mode [ 'src/lib/RtMidi/doc/html/ftv2ns.png', 420, 438 ]
419 silly gunzTarPerm extractEntry src/lib/RtMidi/doc/html/ftv2plastnode.png
420 silly gunzTarPerm modified mode [ 'src/lib/RtMidi/doc/html/ftv2plastnode.png', 420, 438 ]
421 silly gunzTarPerm extractEntry src/lib/RtMidi/doc/html/ftv2pnode.png
422 silly gunzTarPerm modified mode [ 'src/lib/RtMidi/doc/html/ftv2pnode.png', 420, 438 ]
423 silly gunzTarPerm extractEntry src/lib/RtMidi/doc/html/ftv2splitbar.png
424 silly gunzTarPerm modified mode [ 'src/lib/RtMidi/doc/html/ftv2splitbar.png', 420, 438 ]
425 silly gunzTarPerm extractEntry src/lib/RtMidi/doc/html/ftv2vertline.png
426 silly gunzTarPerm modified mode [ 'src/lib/RtMidi/doc/html/ftv2vertline.png', 420, 438 ]
427 silly gunzTarPerm extractEntry src/lib/RtMidi/doc/html/functions.html
428 silly gunzTarPerm modified mode [ 'src/lib/RtMidi/doc/html/functions.html', 420, 438 ]
429 silly gunzTarPerm extractEntry src/lib/RtMidi/doc/html/functions_enum.html
430 silly gunzTarPerm modified mode [ 'src/lib/RtMidi/doc/html/functions_enum.html', 420, 438 ]
431 silly gunzTarPerm extractEntry src/lib/RtMidi/doc/html/functions_eval.html
432 silly gunzTarPerm modified mode [ 'src/lib/RtMidi/doc/html/functions_eval.html', 420, 438 ]
433 silly gunzTarPerm extractEntry src/lib/RtMidi/doc/html/functions_func.html
434 silly gunzTarPerm modified mode [ 'src/lib/RtMidi/doc/html/functions_func.html', 420, 438 ]
435 silly gunzTarPerm extractEntry src/lib/RtMidi/doc/html/functions_type.html
436 silly gunzTarPerm modified mode [ 'src/lib/RtMidi/doc/html/functions_type.html', 420, 438 ]
437 silly gunzTarPerm extractEntry src/lib/RtMidi/doc/html/globals.html
438 silly gunzTarPerm modified mode [ 'src/lib/RtMidi/doc/html/globals.html', 420, 438 ]
439 silly gunzTarPerm extractEntry src/lib/RtMidi/doc/html/globals_type.html
440 silly gunzTarPerm modified mode [ 'src/lib/RtMidi/doc/html/globals_type.html', 420, 438 ]
441 silly gunzTarPerm extractEntry src/lib/RtMidi/doc/html/hierarchy.html
442 silly gunzTarPerm modified mode [ 'src/lib/RtMidi/doc/html/hierarchy.html', 420, 438 ]
443 silly gunzTarPerm extractEntry src/lib/RtMidi/doc/html/index.html
444 silly gunzTarPerm modified mode [ 'src/lib/RtMidi/doc/html/index.html', 420, 438 ]
445 silly gunzTarPerm extractEntry src/lib/RtMidi/doc/html/annotated.html
446 silly gunzTarPerm modified mode [ 'src/lib/RtMidi/doc/html/annotated.html', 420, 438 ]
447 silly gunzTarPerm extractEntry src/lib/RtMidi/doc/html/nav_f.png
448 silly gunzTarPerm modified mode [ 'src/lib/RtMidi/doc/html/nav_f.png', 420, 438 ]
449 silly gunzTarPerm extractEntry src/lib/RtMidi/doc/html/nav_g.png
450 silly gunzTarPerm modified mode [ 'src/lib/RtMidi/doc/html/nav_g.png', 420, 438 ]
451 silly gunzTarPerm extractEntry src/lib/RtMidi/doc/html/nav_h.png
452 silly gunzTarPerm modified mode [ 'src/lib/RtMidi/doc/html/nav_h.png', 420, 438 ]
453 silly gunzTarPerm extractEntry src/lib/RtMidi/doc/html/open.png
454 silly gunzTarPerm modified mode [ 'src/lib/RtMidi/doc/html/open.png', 420, 438 ]
455 silly gunzTarPerm extractEntry src/lib/RtMidi/doc/html/structMidiInApi_1_1MidiMessage-members.html
456 silly gunzTarPerm modified mode [ 'src/lib/RtMidi/doc/html/structMidiInApi_1_1MidiMessage-members.html',
456 silly gunzTarPerm   420,
456 silly gunzTarPerm   438 ]
457 silly gunzTarPerm extractEntry src/lib/RtMidi/doc/html/structMidiInApi_1_1MidiMessage.html
458 silly gunzTarPerm modified mode [ 'src/lib/RtMidi/doc/html/structMidiInApi_1_1MidiMessage.html',
458 silly gunzTarPerm   420,
458 silly gunzTarPerm   438 ]
459 silly gunzTarPerm extractEntry src/lib/RtMidi/doc/html/structMidiInApi_1_1MidiQueue-members.html
460 silly gunzTarPerm modified mode [ 'src/lib/RtMidi/doc/html/structMidiInApi_1_1MidiQueue-members.html',
460 silly gunzTarPerm   420,
460 silly gunzTarPerm   438 ]
461 silly gunzTarPerm extractEntry src/lib/RtMidi/doc/html/structMidiInApi_1_1MidiQueue.html
462 silly gunzTarPerm modified mode [ 'src/lib/RtMidi/doc/html/structMidiInApi_1_1MidiQueue.html',
462 silly gunzTarPerm   420,
462 silly gunzTarPerm   438 ]
463 silly gunzTarPerm extractEntry src/lib/RtMidi/doc/html/structMidiInApi_1_1RtMidiInData-members.html
464 silly gunzTarPerm modified mode [ 'src/lib/RtMidi/doc/html/structMidiInApi_1_1RtMidiInData-members.html',
464 silly gunzTarPerm   420,
464 silly gunzTarPerm   438 ]
465 silly gunzTarPerm extractEntry src/lib/RtMidi/doc/html/structMidiInApi_1_1RtMidiInData.html
466 silly gunzTarPerm modified mode [ 'src/lib/RtMidi/doc/html/structMidiInApi_1_1RtMidiInData.html',
466 silly gunzTarPerm   420,
466 silly gunzTarPerm   438 ]
467 silly gunzTarPerm extractEntry src/lib/RtMidi/doc/html/sync_off.png
468 silly gunzTarPerm modified mode [ 'src/lib/RtMidi/doc/html/sync_off.png', 420, 438 ]
469 silly gunzTarPerm extractEntry src/lib/RtMidi/doc/html/sync_on.png
470 silly gunzTarPerm modified mode [ 'src/lib/RtMidi/doc/html/sync_on.png', 420, 438 ]
471 silly gunzTarPerm extractEntry src/lib/RtMidi/doc/html/tab_a.png
472 silly gunzTarPerm modified mode [ 'src/lib/RtMidi/doc/html/tab_a.png', 420, 438 ]
473 silly gunzTarPerm extractEntry src/lib/RtMidi/doc/html/tab_b.png
474 silly gunzTarPerm modified mode [ 'src/lib/RtMidi/doc/html/tab_b.png', 420, 438 ]
475 silly gunzTarPerm extractEntry src/lib/RtMidi/doc/html/tab_h.png
476 silly gunzTarPerm modified mode [ 'src/lib/RtMidi/doc/html/tab_h.png', 420, 438 ]
477 silly gunzTarPerm extractEntry src/lib/RtMidi/doc/html/tab_s.png
478 silly gunzTarPerm modified mode [ 'src/lib/RtMidi/doc/html/tab_s.png', 420, 438 ]
479 silly gunzTarPerm extractEntry src/lib/RtMidi/doc/html/tabs.css
480 silly gunzTarPerm modified mode [ 'src/lib/RtMidi/doc/html/tabs.css', 420, 438 ]
481 silly gunzTarPerm extractEntry src/lib/RtMidi/doc/images/ccrma.gif
482 silly gunzTarPerm modified mode [ 'src/lib/RtMidi/doc/images/ccrma.gif', 420, 438 ]
483 silly gunzTarPerm extractEntry src/lib/RtMidi/doc/images/mcgill.gif
484 silly gunzTarPerm modified mode [ 'src/lib/RtMidi/doc/images/mcgill.gif', 420, 438 ]
485 silly gunzTarPerm extractEntry src/lib/RtMidi/doc/release.txt
486 silly gunzTarPerm modified mode [ 'src/lib/RtMidi/doc/release.txt', 420, 438 ]
487 silly gunzTarPerm extractEntry src/lib/RtMidi/Makefile.in
488 silly gunzTarPerm modified mode [ 'src/lib/RtMidi/Makefile.in', 420, 438 ]
489 silly gunzTarPerm extractEntry src/lib/RtMidi/RtMidi.h
490 silly gunzTarPerm modified mode [ 'src/lib/RtMidi/RtMidi.h', 420, 438 ]
491 silly gunzTarPerm extractEntry src/lib/RtMidi/config/config.guess
492 silly gunzTarPerm modified mode [ 'src/lib/RtMidi/config/config.guess', 493, 511 ]
493 silly gunzTarPerm extractEntry src/lib/RtMidi/config/config.sub
494 silly gunzTarPerm modified mode [ 'src/lib/RtMidi/config/config.sub', 493, 511 ]
495 silly gunzTarPerm extractEntry src/lib/RtMidi/config/install.sh
496 silly gunzTarPerm modified mode [ 'src/lib/RtMidi/config/install.sh', 493, 511 ]
497 silly gunzTarPerm extractEntry src/lib/RtMidi/configure
498 silly gunzTarPerm modified mode [ 'src/lib/RtMidi/configure', 493, 511 ]
499 silly gunzTarPerm extractEntry src/lib/RtMidi/configure.ac
500 silly gunzTarPerm modified mode [ 'src/lib/RtMidi/configure.ac', 420, 438 ]
501 silly gunzTarPerm extractEntry src/lib/RtMidi/RtMidi.cpp
502 silly gunzTarPerm modified mode [ 'src/lib/RtMidi/RtMidi.cpp', 420, 438 ]
503 silly gunzTarPerm extractEntry src/lib/RtMidi/librtmidi.pc.in
504 silly gunzTarPerm modified mode [ 'src/lib/RtMidi/librtmidi.pc.in', 420, 438 ]
505 silly gunzTarPerm extractEntry src/lib/RtMidi/msw/readme
506 silly gunzTarPerm modified mode [ 'src/lib/RtMidi/msw/readme', 420, 438 ]
507 silly gunzTarPerm extractEntry src/lib/RtMidi/msw/rtmidilib.sln
508 silly gunzTarPerm modified mode [ 'src/lib/RtMidi/msw/rtmidilib.sln', 493, 511 ]
509 silly gunzTarPerm extractEntry src/lib/RtMidi/msw/rtmidilib.vcproj
510 silly gunzTarPerm modified mode [ 'src/lib/RtMidi/msw/rtmidilib.vcproj', 493, 511 ]
511 silly gunzTarPerm extractEntry src/lib/RtMidi/readme
512 silly gunzTarPerm modified mode [ 'src/lib/RtMidi/readme', 420, 438 ]
513 silly gunzTarPerm extractEntry src/lib/RtMidi/rtmidi-config.in
514 silly gunzTarPerm modified mode [ 'src/lib/RtMidi/rtmidi-config.in', 420, 438 ]
515 silly gunzTarPerm extractEntry src/lib/RtMidi/tests/midiout.dsp
516 silly gunzTarPerm modified mode [ 'src/lib/RtMidi/tests/midiout.dsp', 420, 438 ]
517 silly gunzTarPerm extractEntry src/lib/RtMidi/tests/Debug/.placeholder
518 silly gunzTarPerm modified mode [ 'src/lib/RtMidi/tests/Debug/.placeholder', 420, 438 ]
519 silly gunzTarPerm extractEntry src/lib/RtMidi/tests/Release/.placeholder
520 silly gunzTarPerm modified mode [ 'src/lib/RtMidi/tests/Release/.placeholder', 420, 438 ]
521 silly gunzTarPerm extractEntry src/lib/RtMidi/tests/RtMidi.dsw
522 silly gunzTarPerm modified mode [ 'src/lib/RtMidi/tests/RtMidi.dsw', 420, 438 ]
523 silly gunzTarPerm extractEntry src/lib/RtMidi/tests/cmidiin.cpp
524 silly gunzTarPerm modified mode [ 'src/lib/RtMidi/tests/cmidiin.cpp', 420, 438 ]
525 silly gunzTarPerm extractEntry src/lib/RtMidi/tests/cmidiin.dsp
526 silly gunzTarPerm modified mode [ 'src/lib/RtMidi/tests/cmidiin.dsp', 420, 438 ]
527 silly gunzTarPerm extractEntry src/lib/RtMidi/tests/midiout.cpp
528 silly gunzTarPerm modified mode [ 'src/lib/RtMidi/tests/midiout.cpp', 420, 438 ]
529 silly gunzTarPerm extractEntry src/lib/RtMidi/tests/Makefile.in
530 silly gunzTarPerm modified mode [ 'src/lib/RtMidi/tests/Makefile.in', 420, 438 ]
531 silly gunzTarPerm extractEntry src/lib/RtMidi/tests/midiprobe.cpp
532 silly gunzTarPerm modified mode [ 'src/lib/RtMidi/tests/midiprobe.cpp', 420, 438 ]
533 silly gunzTarPerm extractEntry src/lib/RtMidi/tests/midiprobe.dsp
534 silly gunzTarPerm modified mode [ 'src/lib/RtMidi/tests/midiprobe.dsp', 420, 438 ]
535 silly gunzTarPerm extractEntry src/lib/RtMidi/tests/qmidiin.cpp
536 silly gunzTarPerm modified mode [ 'src/lib/RtMidi/tests/qmidiin.cpp', 420, 438 ]
537 silly gunzTarPerm extractEntry src/lib/RtMidi/tests/qmidiin.dsp
538 silly gunzTarPerm modified mode [ 'src/lib/RtMidi/tests/qmidiin.dsp', 420, 438 ]
539 silly gunzTarPerm extractEntry src/lib/RtMidi/tests/sysextest.cpp
540 silly gunzTarPerm modified mode [ 'src/lib/RtMidi/tests/sysextest.cpp', 420, 438 ]
541 silly gunzTarPerm extractEntry src/lib/RtMidi/tests/sysextest.dsp
542 silly gunzTarPerm modified mode [ 'src/lib/RtMidi/tests/sysextest.dsp', 420, 438 ]
543 silly gunzTarPerm extractEntry src/node-midi.cpp
544 silly gunzTarPerm modified mode [ 'src/node-midi.cpp', 420, 438 ]
545 silly doParallel preinstall 2
546 silly preinstall nan@2.0.9 D:\Experimental\EtchAScratch\node_modules\.staging\nan-ddb1cfd8de5c18f6e04ab7d208a6df9d
547 info lifecycle nan@2.0.9~preinstall: nan@2.0.9
548 silly preinstall midi@0.9.4 D:\Experimental\EtchAScratch\node_modules\.staging\midi-74cb0678b61d84bc0e6869d1efab1785
549 info lifecycle midi@0.9.4~preinstall: midi@0.9.4
550 silly lifecycle nan@2.0.9~preinstall: no script for preinstall, continuing
551 silly lifecycle midi@0.9.4~preinstall: no script for preinstall, continuing
552 silly doReverseSerial remove 0
553 silly doSerial move 0
554 silly doSerial finalize 2
555 silly finalize D:\Experimental\EtchAScratch\node_modules\midi\node_modules\nan
556 silly finalize D:\Experimental\EtchAScratch\node_modules\midi
557 silly doSerial build 2
558 silly build nan@2.0.9
559 info linkStuff nan@2.0.9
560 silly linkStuff nan@2.0.9 has D:\Experimental\EtchAScratch\node_modules\midi\node_modules as its parent node_modules
561 verbose linkBins nan@2.0.9
562 verbose linkMans nan@2.0.9
563 silly build midi@0.9.4
564 info linkStuff midi@0.9.4
565 silly linkStuff midi@0.9.4 has D:\Experimental\EtchAScratch\node_modules as its parent node_modules
566 verbose linkBins midi@0.9.4
567 verbose linkMans midi@0.9.4
568 silly doSerial global-link 0
569 silly doParallel update-linked 0
570 silly doSerial install 2
571 silly install nan@2.0.9 D:\Experimental\EtchAScratch\node_modules\.staging\nan-ddb1cfd8de5c18f6e04ab7d208a6df9d
572 info lifecycle nan@2.0.9~install: nan@2.0.9
573 silly lifecycle nan@2.0.9~install: no script for install, continuing
574 silly install midi@0.9.4 D:\Experimental\EtchAScratch\node_modules\.staging\midi-74cb0678b61d84bc0e6869d1efab1785
575 info lifecycle midi@0.9.4~install: midi@0.9.4
576 verbose lifecycle midi@0.9.4~install: unsafe-perm in lifecycle true
577 verbose lifecycle midi@0.9.4~install: PATH: C:\Program Files\nodejs\node_modules\npm\bin\node-gyp-bin;D:\Experimental\EtchAScratch\node_modules\midi\node_modules\.bin;D:\Experimental\EtchAScratch\node_modules\.bin;C:\Users\blacksanta_69\bin;C:\Users\blacksanta_69\AppData\Local\Programs\Git\mingw64\bin;C:\Users\blacksanta_69\AppData\Local\Programs\Git\usr\local\bin;C:\Users\blacksanta_69\AppData\Local\Programs\Git\usr\bin;C:\Users\blacksanta_69\AppData\Local\Programs\Git\usr\bin;C:\Users\blacksanta_69\AppData\Local\Programs\Git\mingw64\bin;C:\Users\blacksanta_69\AppData\Local\Programs\Git\usr\bin;C:\Users\blacksanta_69\bin;C:\ProgramData\Oracle\Java\javapath;C:\Program Files (x86)\Intel\iCLS Client;C:\Program Files\Intel\iCLS Client;C:\Windows\system32;C:\Windows;C:\Windows\System32\Wbem;C:\Windows\System32\WindowsPowerShell\v1.0;C:\Program Files\Intel\Intel(R) Management Engine Components\DAL;C:\Program Files\Intel\Intel(R) Management Engine Components\IPT;C:\Program Files (x86)\Intel\Intel(R) Management Engine Components\DAL;C:\Program Files (x86)\Intel\Intel(R) Management Engine Components\IPT;C:\Program Files\nodejs;C:\HashiCorp\Vagrant\bin;C:\Program Files\Common Files\Autodesk Shared;C:\Program Files (x86)\Autodesk\Backburner;C:\Program Files (x86)\Skype\Phone;C:\Program Files\Microsoft SQL Server\Client SDK\ODBC\110\Tools\Binn;C:\Program Files (x86)\Microsoft SQL Server\120\Tools\Binn;C:\Program Files\Microsoft SQL Server\120\Tools\Binn;C:\Program Files\Microsoft SQL Server\120\DTS\Binn;C:\Program Files (x86)\MySQL\MySQL Fabric 1.5 & MySQL Utilities 1.5;C:\Program Files (x86)\MySQL\MySQL Fabric 1.5 & MySQL Utilities 1.5\Doctrine extensions for PHP;C:\Users\blacksanta_69\.dnx\bin;C:\Program Files\Microsoft DNX\Dnvm;C:\Program Files (x86)\QuickTime\QTSystem;C:\Program Files (x86)\GtkSharp\2.12\bin;C:\Program Files (x86)\Heroku\bin;C:\Program Files (x86)\git\cmd;C:\Program Files\Amazon\AWSCLI;C:\Program Files (x86)\NVIDIA Corporation\PhysX\Common;C:\Program Files (x86)\Windows Kits\8.1\Windows Performance Toolkit;C:\Ruby22\bin;C:\Users\blacksanta_69\AppData\Roaming\npm;E:\Program Files (x86)\Diffuse;C:\Users\blacksanta_69\AppData\Local\atom\bin;C:\Python27;C:\Program Files (x86)\Microsoft Visual Studio 14.0\VC\bin;C:\Users\blacksanta_69\AppData\Local\Programs\Git\usr\bin\vendor_perl;C:\Users\blacksanta_69\AppData\Local\Programs\Git\usr\bin\core_perl
578 verbose lifecycle midi@0.9.4~install: CWD: D:\Experimental\EtchAScratch\node_modules\midi
579 silly lifecycle midi@0.9.4~install: Args: [ '/d /s /c', 'node-gyp rebuild' ]
580 silly lifecycle midi@0.9.4~install: Returned: code: 1  signal: null
581 info lifecycle midi@0.9.4~install: Failed to exec install script
582 verbose unlock done using C:\Users\blacksanta_69\AppData\Roaming\npm-cache\_locks\staging-2231562e8c4a385f.lock for D:\Experimental\EtchAScratch\node_modules\.staging
583 silly rollbackFailedOptional Starting
584 silly rollbackFailedOptional Finishing
585 silly runTopLevelLifecycles Starting
586 silly runTopLevelLifecycles Finishing
587 silly install printInstalled
588 warn EPACKAGEJSON ethcascratch@2.0.0 No repository field.
589 verbose stack Error: midi@0.9.4 install: `node-gyp rebuild`
589 verbose stack Exit status 1
589 verbose stack     at EventEmitter.<anonymous> (C:\Program Files\nodejs\node_modules\npm\lib\utils\lifecycle.js:232:16)
589 verbose stack     at emitTwo (events.js:87:13)
589 verbose stack     at EventEmitter.emit (events.js:172:7)
589 verbose stack     at ChildProcess.<anonymous> (C:\Program Files\nodejs\node_modules\npm\lib\utils\spawn.js:24:14)
589 verbose stack     at emitTwo (events.js:87:13)
589 verbose stack     at ChildProcess.emit (events.js:172:7)
589 verbose stack     at maybeClose (internal/child_process.js:818:16)
589 verbose stack     at Process.ChildProcess._handle.onexit (internal/child_process.js:211:5)
590 verbose pkgid midi@0.9.4
591 verbose cwd D:\Experimental\EtchAScratch
592 error Windows_NT 10.0.10586
593 error argv "C:\\Program Files\\nodejs\\node.exe" "C:\\Program Files\\nodejs\\node_modules\\npm\\bin\\npm-cli.js" "install" "midi" "--save"
594 error node v5.1.0
595 error npm  v3.3.12
596 error code ELIFECYCLE
597 error midi@0.9.4 install: `node-gyp rebuild`
597 error Exit status 1
598 error Failed at the midi@0.9.4 install script 'node-gyp rebuild'.
598 error Make sure you have the latest version of node.js and npm installed.
598 error If you do, this is most likely a problem with the midi package,
598 error not with npm itself.
598 error Tell the author that this fails on your system:
598 error     node-gyp rebuild
598 error You can get their info via:
598 error     npm owner ls midi
598 error There is likely additional logging output above.
599 verbose exit [ 1, true ]
